TN:
SF:/Users/daria/Documents/Vue2/vue-project/babel.config.js
FNF:0
FNH:0
DA:1,0
LF:1
LH:0
BRF:0
BRH:0
end_of_record
TN:
SF:/Users/daria/Documents/Vue2/vue-project/jest.config.js
FNF:0
FNH:0
DA:1,0
LF:1
LH:0
BRF:0
BRH:0
end_of_record
TN:
SF:/Users/daria/Documents/Vue2/vue-project/vue.config.js
FNF:0
FNH:0
DA:1,0
LF:1
LH:0
BRF:0
BRH:0
end_of_record
TN:
SF:/Users/daria/Documents/Vue2/vue-project/coverage/lcov-report/block-navigation.js
FN:2,init
FN:24,toggleClass
FN:31,makeCurrent
FN:41,goToPrevious
FN:52,goToNext
FN:65,jump
FNF:6
FNH:0
FNDA:0,init
FNDA:0,toggleClass
FNDA:0,makeCurrent
FNDA:0,goToPrevious
FNDA:0,goToNext
FNDA:0,jump
DA:2,0
DA:4,0
DA:7,0
DA:10,0
DA:14,0
DA:20,0
DA:25,0
DA:28,0
DA:32,0
DA:33,0
DA:34,0
DA:42,0
DA:43,0
DA:44,0
DA:45,0
DA:46,0
DA:49,0
DA:53,0
DA:55,0
DA:59,0
DA:62,0
DA:65,0
DA:66,0
DA:69,0
DA:70,0
DA:74,0
DA:75,0
DA:79,0
LF:28
LH:0
BRDA:43,0,0,0
BRDA:43,0,1,0
BRDA:43,1,0,0
BRDA:43,1,1,0
BRDA:45,2,0,0
BRDA:45,2,1,0
BRDA:55,3,0,0
BRDA:55,3,1,0
BRDA:56,4,0,0
BRDA:56,4,1,0
BRDA:66,5,0,0
BRDA:66,5,1,0
BRDA:66,5,2,0
BRDA:66,5,3,0
BRDA:66,5,4,0
BRF:15
BRH:0
end_of_record
TN:
SF:/Users/daria/Documents/Vue2/vue-project/coverage/lcov-report/prettify.js
FN:2,(anonymous_0)
FN:2,k
FN:2,ab
FN:2,T
FN:2,X
FN:2,(anonymous_5)
FN:2,W
FN:2,(anonymous_7)
FN:2,a
FN:2,aa
FN:2,B
FN:2,o
FN:2,g
FN:2,(anonymous_13)
FN:2,(anonymous_14)
FN:2,i
FN:2,Q
FN:2,ae
FN:2,ad
FN:2,ai
FN:2,D
FN:2,c
FN:2,q
FN:2,d
FN:2,y
FN:2,b
FN:2,Y
FN:2,(anonymous_27)
FN:2,U
FNF:29
FNH:0
FNDA:0,(anonymous_0)
FNDA:0,k
FNDA:0,ab
FNDA:0,T
FNDA:0,X
FNDA:0,(anonymous_5)
FNDA:0,W
FNDA:0,(anonymous_7)
FNDA:0,a
FNDA:0,aa
FNDA:0,B
FNDA:0,o
FNDA:0,g
FNDA:0,(anonymous_13)
FNDA:0,(anonymous_14)
FNDA:0,i
FNDA:0,Q
FNDA:0,ae
FNDA:0,ad
FNDA:0,ai
FNDA:0,D
FNDA:0,c
FNDA:0,q
FNDA:0,d
FNDA:0,y
FNDA:0,b
FNDA:0,Y
FNDA:0,(anonymous_27)
FNDA:0,U
DA:2,0
LF:1
LH:0
BRDA:2,0,0,0
BRDA:2,0,1,0
BRDA:2,1,0,0
BRDA:2,1,1,0
BRDA:2,2,0,0
BRDA:2,2,1,0
BRDA:2,3,0,0
BRDA:2,3,1,0
BRDA:2,4,0,0
BRDA:2,4,1,0
BRDA:2,5,0,0
BRDA:2,5,1,0
BRDA:2,6,0,0
BRDA:2,6,1,0
BRDA:2,7,0,0
BRDA:2,7,1,0
BRDA:2,8,0,0
BRDA:2,8,1,0
BRDA:2,9,0,0
BRDA:2,9,1,0
BRDA:2,10,0,0
BRDA:2,10,1,0
BRDA:2,11,0,0
BRDA:2,11,1,0
BRDA:2,11,2,0
BRDA:2,11,3,0
BRDA:2,12,0,0
BRDA:2,12,1,0
BRDA:2,13,0,0
BRDA:2,13,1,0
BRDA:2,14,0,0
BRDA:2,14,1,0
BRDA:2,15,0,0
BRDA:2,15,1,0
BRDA:2,16,0,0
BRDA:2,16,1,0
BRDA:2,17,0,0
BRDA:2,17,1,0
BRDA:2,18,0,0
BRDA:2,18,1,0
BRDA:2,19,0,0
BRDA:2,19,1,0
BRDA:2,20,0,0
BRDA:2,20,1,0
BRDA:2,21,0,0
BRDA:2,21,1,0
BRDA:2,22,0,0
BRDA:2,22,1,0
BRDA:2,23,0,0
BRDA:2,23,1,0
BRDA:2,24,0,0
BRDA:2,24,1,0
BRDA:2,25,0,0
BRDA:2,25,1,0
BRDA:2,26,0,0
BRDA:2,26,1,0
BRDA:2,27,0,0
BRDA:2,27,1,0
BRDA:2,28,0,0
BRDA:2,28,1,0
BRDA:2,29,0,0
BRDA:2,29,1,0
BRDA:2,30,0,0
BRDA:2,30,1,0
BRDA:2,31,0,0
BRDA:2,31,1,0
BRDA:2,32,0,0
BRDA:2,32,1,0
BRDA:2,33,0,0
BRDA:2,33,1,0
BRDA:2,34,0,0
BRDA:2,34,1,0
BRDA:2,35,0,0
BRDA:2,35,1,0
BRDA:2,36,0,0
BRDA:2,36,1,0
BRDA:2,37,0,0
BRDA:2,37,1,0
BRDA:2,38,0,0
BRDA:2,38,1,0
BRDA:2,39,0,0
BRDA:2,39,1,0
BRDA:2,40,0,0
BRDA:2,40,1,0
BRDA:2,41,0,0
BRDA:2,41,1,0
BRDA:2,42,0,0
BRDA:2,42,1,0
BRDA:2,43,0,0
BRDA:2,43,1,0
BRDA:2,44,0,0
BRDA:2,44,1,0
BRDA:2,45,0,0
BRDA:2,45,1,0
BRDA:2,46,0,0
BRDA:2,46,1,0
BRDA:2,47,0,0
BRDA:2,47,1,0
BRDA:2,48,0,0
BRDA:2,48,1,0
BRDA:2,49,0,0
BRDA:2,49,1,0
BRDA:2,50,0,0
BRDA:2,50,1,0
BRDA:2,50,2,0
BRDA:2,51,0,0
BRDA:2,51,1,0
BRDA:2,52,0,0
BRDA:2,52,1,0
BRDA:2,53,0,0
BRDA:2,53,1,0
BRDA:2,54,0,0
BRDA:2,54,1,0
BRDA:2,55,0,0
BRDA:2,55,1,0
BRDA:2,56,0,0
BRDA:2,56,1,0
BRDA:2,57,0,0
BRDA:2,57,1,0
BRDA:2,58,0,0
BRDA:2,58,1,0
BRDA:2,59,0,0
BRDA:2,59,1,0
BRDA:2,60,0,0
BRDA:2,60,1,0
BRDA:2,61,0,0
BRDA:2,61,1,0
BRDA:2,62,0,0
BRDA:2,62,1,0
BRDA:2,63,0,0
BRDA:2,63,1,0
BRDA:2,64,0,0
BRDA:2,64,1,0
BRDA:2,65,0,0
BRDA:2,65,1,0
BRDA:2,66,0,0
BRDA:2,66,1,0
BRDA:2,67,0,0
BRDA:2,67,1,0
BRDA:2,68,0,0
BRDA:2,68,1,0
BRDA:2,69,0,0
BRDA:2,69,1,0
BRDA:2,70,0,0
BRDA:2,70,1,0
BRDA:2,71,0,0
BRDA:2,71,1,0
BRDA:2,72,0,0
BRDA:2,72,1,0
BRDA:2,73,0,0
BRDA:2,73,1,0
BRDA:2,74,0,0
BRDA:2,74,1,0
BRDA:2,75,0,0
BRDA:2,75,1,0
BRDA:2,76,0,0
BRDA:2,76,1,0
BRDA:2,77,0,0
BRDA:2,77,1,0
BRDA:2,78,0,0
BRDA:2,78,1,0
BRDA:2,79,0,0
BRDA:2,79,1,0
BRDA:2,80,0,0
BRDA:2,80,1,0
BRDA:2,81,0,0
BRDA:2,81,1,0
BRDA:2,82,0,0
BRDA:2,82,1,0
BRDA:2,83,0,0
BRDA:2,83,1,0
BRDA:2,84,0,0
BRDA:2,84,1,0
BRDA:2,85,0,0
BRDA:2,85,1,0
BRDA:2,86,0,0
BRDA:2,86,1,0
BRDA:2,87,0,0
BRDA:2,87,1,0
BRDA:2,88,0,0
BRDA:2,88,1,0
BRDA:2,89,0,0
BRDA:2,89,1,0
BRDA:2,89,2,0
BRDA:2,90,0,0
BRDA:2,90,1,0
BRDA:2,91,0,0
BRDA:2,91,1,0
BRDA:2,92,0,0
BRDA:2,92,1,0
BRDA:2,93,0,0
BRDA:2,93,1,0
BRDA:2,94,0,0
BRDA:2,94,1,0
BRDA:2,95,0,0
BRDA:2,95,1,0
BRDA:2,96,0,0
BRDA:2,96,1,0
BRDA:2,97,0,0
BRDA:2,97,1,0
BRDA:2,98,0,0
BRDA:2,98,1,0
BRDA:2,99,0,0
BRDA:2,99,1,0
BRDA:2,100,0,0
BRDA:2,100,1,0
BRDA:2,101,0,0
BRDA:2,101,1,0
BRDA:2,102,0,0
BRDA:2,102,1,0
BRDA:2,103,0,0
BRDA:2,103,1,0
BRDA:2,104,0,0
BRDA:2,104,1,0
BRDA:2,105,0,0
BRDA:2,105,1,0
BRDA:2,106,0,0
BRDA:2,106,1,0
BRDA:2,107,0,0
BRDA:2,107,1,0
BRDA:2,108,0,0
BRDA:2,108,1,0
BRDA:2,109,0,0
BRDA:2,109,1,0
BRDA:2,110,0,0
BRDA:2,110,1,0
BRDA:2,111,0,0
BRDA:2,111,1,0
BRDA:2,112,0,0
BRDA:2,112,1,0
BRDA:2,113,0,0
BRDA:2,113,1,0
BRDA:2,114,0,0
BRDA:2,114,1,0
BRDA:2,115,0,0
BRDA:2,115,1,0
BRDA:2,116,0,0
BRDA:2,116,1,0
BRDA:2,117,0,0
BRDA:2,117,1,0
BRDA:2,118,0,0
BRDA:2,118,1,0
BRDA:2,119,0,0
BRDA:2,119,1,0
BRDA:2,120,0,0
BRDA:2,120,1,0
BRDA:2,121,0,0
BRDA:2,121,1,0
BRDA:2,122,0,0
BRDA:2,122,1,0
BRDA:2,123,0,0
BRDA:2,123,1,0
BRDA:2,124,0,0
BRDA:2,124,1,0
BRDA:2,125,0,0
BRDA:2,125,1,0
BRDA:2,126,0,0
BRDA:2,126,1,0
BRDA:2,127,0,0
BRDA:2,127,1,0
BRDA:2,128,0,0
BRDA:2,128,1,0
BRDA:2,128,2,0
BRDA:2,129,0,0
BRDA:2,129,1,0
BRDA:2,130,0,0
BRDA:2,130,1,0
BRDA:2,131,0,0
BRDA:2,131,1,0
BRDA:2,131,2,0
BRDA:2,131,3,0
BRDA:2,131,4,0
BRDA:2,132,0,0
BRDA:2,132,1,0
BRDA:2,133,0,0
BRDA:2,133,1,0
BRDA:2,134,0,0
BRDA:2,134,1,0
BRDA:2,135,0,0
BRDA:2,135,1,0
BRDA:2,136,0,0
BRDA:2,136,1,0
BRDA:2,137,0,0
BRDA:2,137,1,0
BRDA:2,138,0,0
BRDA:2,138,1,0
BRF:286
BRH:0
end_of_record
TN:
SF:/Users/daria/Documents/Vue2/vue-project/coverage/lcov-report/sorter.js
FN:2,(anonymous_0)
FN:11,getTable
FN:15,getTableHeader
FN:19,getTableBody
FN:23,getNthColumn
FN:28,loadColumns
FN:53,loadRowData
FN:72,loadData
FN:81,sortByIndex
FN:83,(anonymous_9)
FN:95,(anonymous_10)
FN:112,removeSortIndicators
FN:120,addSortIndicators
FN:126,enableUI
FN:129,ithSorter
FN:132,(anonymous_15)
FN:159,(anonymous_16)
FNF:17
FNH:0
FNDA:0,(anonymous_0)
FNDA:0,getTable
FNDA:0,getTableHeader
FNDA:0,getTableBody
FNDA:0,getNthColumn
FNDA:0,loadColumns
FNDA:0,loadRowData
FNDA:0,loadData
FNDA:0,sortByIndex
FNDA:0,(anonymous_9)
FNDA:0,(anonymous_10)
FNDA:0,removeSortIndicators
FNDA:0,addSortIndicators
FNDA:0,enableUI
FNDA:0,ithSorter
FNDA:0,(anonymous_15)
FNDA:0,(anonymous_16)
DA:2,0
DA:5,0
DA:12,0
DA:16,0
DA:20,0
DA:24,0
DA:29,0
DA:31,0
DA:35,0
DA:36,0
DA:37,0
DA:42,0
DA:43,0
DA:44,0
DA:45,0
DA:49,0
DA:54,0
DA:57,0
DA:60,0
DA:61,0
DA:62,0
DA:63,0
DA:64,0
DA:65,0
DA:67,0
DA:69,0
DA:73,0
DA:76,0
DA:77,0
DA:82,0
DA:83,0
DA:84,0
DA:85,0
DA:86,0
DA:88,0
DA:89,0
DA:90,0
DA:91,0
DA:94,0
DA:95,0
DA:96,0
DA:100,0
DA:101,0
DA:102,0
DA:105,0
DA:107,0
DA:108,0
DA:113,0
DA:114,0
DA:116,0
DA:117,0
DA:121,0
DA:129,0
DA:130,0
DA:132,0
DA:133,0
DA:135,0
DA:136,0
DA:138,0
DA:139,0
DA:140,0
DA:141,0
DA:142,0
DA:145,0
DA:146,0
DA:149,0
DA:150,0
DA:151,0
DA:153,0
DA:159,0
DA:160,0
DA:161,0
DA:163,0
DA:164,0
DA:165,0
DA:166,0
DA:170,0
LF:77
LH:0
BRDA:40,0,0,0
BRDA:40,0,1,0
BRDA:43,1,0,0
BRDA:43,1,1,0
BRDA:64,2,0,0
BRDA:64,2,1,0
BRDA:86,3,0,0
BRDA:86,3,1,0
BRDA:86,4,0,0
BRDA:86,4,1,0
BRDA:94,5,0,0
BRDA:94,5,1,0
BRDA:121,6,0,0
BRDA:121,6,1,0
BRDA:135,7,0,0
BRDA:135,7,1,0
BRDA:146,8,0,0
BRDA:146,8,1,0
BRDA:150,9,0,0
BRDA:150,9,1,0
BRDA:160,10,0,0
BRDA:160,10,1,0
BRF:22
BRH:0
end_of_record
TN:
SF:/Users/daria/Documents/Vue2/vue-project/dist/js/chunk-vendors.7b246a31.js
FN:1,(anonymous_0)
FN:1,(anonymous_1)
FN:1,(anonymous_2)
FN:1,(anonymous_3)
FN:1,(anonymous_4)
FN:1,(anonymous_5)
FN:1,(anonymous_6)
FN:1,(anonymous_7)
FN:1,(anonymous_8)
FN:1,(anonymous_9)
FN:1,(anonymous_10)
FN:1,(anonymous_11)
FN:1,(anonymous_12)
FN:1,(anonymous_13)
FN:1,(anonymous_14)
FN:1,(anonymous_15)
FN:1,(anonymous_16)
FN:1,(anonymous_17)
FN:1,(anonymous_18)
FN:1,(anonymous_19)
FN:1,r
FN:1,(anonymous_21)
FN:1,(anonymous_22)
FN:1,(anonymous_23)
FN:1,(anonymous_24)
FN:1,(anonymous_25)
FN:1,(anonymous_26)
FN:1,(anonymous_27)
FN:1,o
FN:1,a
FN:1,(anonymous_30)
FN:1,(anonymous_31)
FN:1,(anonymous_32)
FN:1,(anonymous_33)
FN:1,(anonymous_34)
FN:1,(anonymous_35)
FN:1,s
FN:1,(anonymous_37)
FN:1,(anonymous_38)
FN:1,(anonymous_39)
FN:1,(anonymous_40)
FN:1,(anonymous_41)
FN:1,(anonymous_42)
FN:1,(anonymous_43)
FN:1,r
FN:1,o
FN:1,(anonymous_46)
FN:1,(anonymous_47)
FN:1,(anonymous_48)
FN:1,(anonymous_49)
FN:1,(anonymous_50)
FN:1,(anonymous_51)
FN:1,(anonymous_52)
FN:1,(anonymous_53)
FN:1,(anonymous_54)
FN:1,(anonymous_55)
FN:1,(anonymous_56)
FN:1,(anonymous_57)
FN:1,l
FN:1,(anonymous_59)
FN:1,(anonymous_60)
FN:1,(anonymous_61)
FN:1,(anonymous_62)
FN:1,(anonymous_63)
FN:1,(anonymous_64)
FN:1,(anonymous_65)
FN:1,y
FN:1,(anonymous_67)
FN:1,(anonymous_68)
FN:1,(anonymous_69)
FN:1,(anonymous_70)
FN:1,(anonymous_71)
FN:1,(anonymous_72)
FN:1,(anonymous_73)
FN:1,(anonymous_74)
FN:1,(anonymous_75)
FN:1,(anonymous_76)
FN:1,(anonymous_77)
FN:1,(anonymous_78)
FN:1,(anonymous_79)
FN:1,(anonymous_80)
FN:1,(anonymous_81)
FN:1,(anonymous_82)
FN:1,(anonymous_83)
FN:1,(anonymous_84)
FN:1,h
FN:1,(anonymous_86)
FN:1,d
FN:1,(anonymous_88)
FN:1,(anonymous_89)
FN:1,(anonymous_90)
FN:1,(anonymous_91)
FN:1,(anonymous_92)
FN:1,(anonymous_93)
FN:1,(anonymous_94)
FN:1,(anonymous_95)
FN:1,(anonymous_96)
FN:1,(anonymous_97)
FN:1,(anonymous_98)
FN:1,(anonymous_99)
FN:1,(anonymous_100)
FN:1,(anonymous_101)
FN:1,(anonymous_102)
FN:1,(anonymous_103)
FN:1,(anonymous_104)
FN:1,(anonymous_105)
FN:1,(anonymous_106)
FN:1,(anonymous_107)
FN:1,i
FN:1,r
FN:1,(anonymous_110)
FN:1,(anonymous_111)
FN:1,(anonymous_112)
FN:1,(anonymous_113)
FN:1,(anonymous_114)
FN:1,(anonymous_115)
FN:1,(anonymous_116)
FN:1,(anonymous_117)
FN:1,(anonymous_118)
FN:1,(anonymous_119)
FN:1,(anonymous_120)
FN:1,(anonymous_121)
FN:1,(anonymous_122)
FN:1,(anonymous_123)
FN:1,(anonymous_124)
FN:1,(anonymous_125)
FN:1,(anonymous_126)
FN:1,(anonymous_127)
FN:1,(anonymous_128)
FN:1,(anonymous_129)
FN:1,(anonymous_130)
FN:1,(anonymous_131)
FN:1,(anonymous_132)
FN:1,(anonymous_133)
FN:1,(anonymous_134)
FN:1,(anonymous_135)
FN:1,(anonymous_136)
FN:1,(anonymous_137)
FN:1,(anonymous_138)
FN:1,(anonymous_139)
FN:1,(anonymous_140)
FN:1,(anonymous_141)
FN:1,(anonymous_142)
FN:1,(anonymous_143)
FN:1,(anonymous_144)
FN:1,(anonymous_145)
FN:1,(anonymous_146)
FN:1,(anonymous_147)
FN:1,(anonymous_148)
FN:1,(anonymous_149)
FN:1,(anonymous_150)
FN:1,(anonymous_151)
FN:1,(anonymous_152)
FN:1,(anonymous_153)
FN:1,(anonymous_154)
FN:1,(anonymous_155)
FN:1,(anonymous_156)
FN:1,(anonymous_157)
FN:1,(anonymous_158)
FN:1,(anonymous_159)
FN:1,(anonymous_160)
FN:1,(anonymous_161)
FN:1,(anonymous_162)
FN:1,(anonymous_163)
FN:1,(anonymous_164)
FN:1,(anonymous_165)
FN:1,(anonymous_166)
FN:1,(anonymous_167)
FN:1,(anonymous_168)
FN:1,(anonymous_169)
FN:1,(anonymous_170)
FN:1,(anonymous_171)
FN:1,(anonymous_172)
FN:1,(anonymous_173)
FN:1,(anonymous_174)
FN:1,i
FN:1,(anonymous_176)
FN:1,r
FN:1,(anonymous_178)
FN:1,(anonymous_179)
FN:1,i
FN:1,(anonymous_181)
FN:1,(anonymous_182)
FN:1,(anonymous_183)
FN:1,(anonymous_184)
FN:1,(anonymous_185)
FN:1,(anonymous_186)
FN:1,r
FN:1,o
FN:1,s
FN:1,c
FN:1,(anonymous_191)
FN:1,(anonymous_192)
FN:1,(anonymous_193)
FN:1,(anonymous_194)
FN:7,i
FN:7,r
FN:7,o
FN:7,a
FN:7,s
FN:7,c
FN:7,l
FN:7,f
FN:7,h
FN:7,d
FN:7,p
FN:7,v
FN:7,m
FN:7,(anonymous_208)
FN:7,(anonymous_209)
FN:7,b
FN:7,x
FN:7,w
FN:7,(anonymous_213)
FN:7,(anonymous_214)
FN:7,(anonymous_215)
FN:7,(anonymous_216)
FN:7,(anonymous_217)
FN:7,j
FN:7,n
FN:7,$
FN:7,E
FN:7,L
FN:7,T
FN:7,I
FN:7,(anonymous_225)
FN:7,(anonymous_226)
FN:7,P
FN:7,(anonymous_228)
FN:7,(anonymous_229)
FN:7,D
FN:7,V
FN:7,(anonymous_232)
FN:7,W
FN:7,U
FN:7,G
FN:7,(anonymous_236)
FN:7,(anonymous_237)
FN:7,(anonymous_238)
FN:7,lt
FN:7,(anonymous_240)
FN:7,t
FN:7,(anonymous_242)
FN:7,(anonymous_243)
FN:7,(anonymous_244)
FN:7,(anonymous_245)
FN:7,(anonymous_246)
FN:7,(anonymous_247)
FN:7,(anonymous_248)
FN:7,(anonymous_249)
FN:7,gt
FN:7,bt
FN:7,(anonymous_252)
FN:7,(anonymous_253)
FN:7,(anonymous_254)
FN:7,Ot
FN:7,_t
FN:7,(anonymous_257)
FN:7,(anonymous_258)
FN:7,At
FN:7,(anonymous_260)
FN:7,Lt
FN:7,Tt
FN:7,It
FN:7,Mt
FN:7,(anonymous_265)
FN:7,(anonymous_266)
FN:7,Bt
FN:7,Pt
FN:7,Dt
FN:7,(anonymous_270)
FN:7,(anonymous_271)
FN:7,Nt
FN:7,Rt
FN:7,(anonymous_274)
FN:7,(anonymous_275)
FN:7,Ft
FN:7,zt
FN:7,Ht
FN:7,(anonymous_279)
FN:7,(anonymous_280)
FN:7,(anonymous_281)
FN:7,(anonymous_282)
FN:7,(anonymous_283)
FN:7,(anonymous_284)
FN:7,Ut
FN:7,qt
FN:7,Gt
FN:7,Yt
FN:7,s
FN:7,Zt
FN:7,Kt
FN:7,Xt
FN:7,Qt
FN:7,te
FN:7,ee
FN:7,ne
FN:7,ie
FN:7,(anonymous_298)
FN:7,re
FN:7,oe
FN:7,le
FN:7,(anonymous_302)
FN:7,(anonymous_303)
FN:7,(anonymous_304)
FN:7,(anonymous_305)
FN:7,ve
FN:7,(anonymous_307)
FN:7,(anonymous_308)
FN:7,ge
FN:7,be
FN:7,(anonymous_311)
FN:7,xe
FN:7,n
FN:7,we
FN:7,Oe
FN:7,c
FN:7,_e
FN:7,Se
FN:7,Ce
FN:7,ke
FN:7,je
FN:7,$e
FN:7,Ae
FN:7,Ee
FN:7,(anonymous_325)
FN:7,Le
FN:7,Te
FN:7,Ie
FN:7,Me
FN:7,Be
FN:7,Pe
FN:7,(anonymous_332)
FN:7,De
FN:7,(anonymous_334)
FN:7,Ve
FN:7,Ne
FN:7,Re
FN:7,Fe
FN:7,ze
FN:7,He
FN:7,(anonymous_341)
FN:7,(anonymous_342)
FN:7,We
FN:7,Ue
FN:7,qe
FN:7,Ge
FN:7,Ye
FN:7,Ze
FN:7,Ke
FN:7,Xe
FN:7,Je
FN:7,Qe
FN:7,(anonymous_353)
FN:7,(anonymous_354)
FN:7,(anonymous_355)
FN:7,(anonymous_356)
FN:7,tn
FN:7,en
FN:7,nn
FN:7,(anonymous_360)
FN:7,(anonymous_361)
FN:7,(anonymous_362)
FN:7,(anonymous_363)
FN:7,an
FN:7,sn
FN:7,cn
FN:7,un
FN:7,(anonymous_368)
FN:7,ln
FN:7,dn
FN:7,pn
FN:7,vn
FN:7,mn
FN:7,gn
FN:7,(anonymous_375)
FN:7,(anonymous_376)
FN:7,xn
FN:7,(anonymous_378)
FN:7,(anonymous_379)
FN:7,wn
FN:7,On
FN:7,_n
FN:7,(anonymous_383)
FN:7,(anonymous_384)
FN:7,(anonymous_385)
FN:7,(anonymous_386)
FN:7,(anonymous_387)
FN:7,(anonymous_388)
FN:7,Sn
FN:7,Cn
FN:7,kn
FN:7,jn
FN:7,$n
FN:7,i
FN:7,An
FN:7,En
FN:7,(anonymous_397)
FN:7,(anonymous_398)
FN:7,i
FN:7,(anonymous_400)
FN:7,(anonymous_401)
FN:7,Tn
FN:7,(anonymous_403)
FN:7,In
FN:7,Mn
FN:7,(anonymous_406)
FN:7,(anonymous_407)
FN:7,(anonymous_408)
FN:7,Bn
FN:7,(anonymous_410)
FN:7,(anonymous_411)
FN:7,Pn
FN:7,Dn
FN:7,Vn
FN:7,Nn
FN:7,Rn
FN:7,Gn
FN:7,(anonymous_418)
FN:7,Xn
FN:7,(anonymous_420)
FN:7,Jn
FN:7,Qn
FN:7,ti
FN:7,ei
FN:7,(anonymous_425)
FN:7,(anonymous_426)
FN:7,(anonymous_427)
FN:7,(anonymous_428)
FN:7,(anonymous_429)
FN:7,(anonymous_430)
FN:7,(anonymous_431)
FN:7,(anonymous_432)
FN:7,(anonymous_433)
FN:7,oi
FN:7,(anonymous_435)
FN:7,(anonymous_436)
FN:7,ai
FN:7,si
FN:7,(anonymous_439)
FN:7,ci
FN:7,ui
FN:7,fi
FN:7,hi
FN:7,di
FN:7,(anonymous_445)
FN:7,pi
FN:7,(anonymous_447)
FN:7,vi
FN:7,mi
FN:7,gi
FN:7,bi
FN:7,(anonymous_452)
FN:7,(anonymous_453)
FN:7,(anonymous_454)
FN:7,(anonymous_455)
FN:7,xi
FN:7,(anonymous_457)
FN:7,wi
FN:7,Oi
FN:7,_i
FN:7,Si
FN:7,Ci
FN:7,(anonymous_463)
FN:7,ki
FN:7,(anonymous_465)
FN:7,ji
FN:7,(anonymous_467)
FN:7,(anonymous_468)
FN:7,(anonymous_469)
FN:7,$i
FN:7,Ai
FN:7,Ei
FN:7,(anonymous_473)
FN:7,(anonymous_474)
FN:7,Li
FN:7,Ti
FN:7,Ii
FN:7,Mi
FN:7,(anonymous_479)
FN:7,(anonymous_480)
FN:7,(anonymous_481)
FN:7,(anonymous_482)
FN:7,(anonymous_483)
FN:7,(anonymous_484)
FN:7,(anonymous_485)
FN:7,(anonymous_486)
FN:7,(anonymous_487)
FN:7,(anonymous_488)
FN:7,Vi
FN:7,(anonymous_490)
FN:7,(anonymous_491)
FN:7,(anonymous_492)
FN:7,(anonymous_493)
FN:7,(anonymous_494)
FN:7,(anonymous_495)
FN:7,(anonymous_496)
FN:7,(anonymous_497)
FN:7,(anonymous_498)
FN:7,Ki
FN:7,Xi
FN:7,Ji
FN:7,Qi
FN:7,tr
FN:7,er
FN:7,nr
FN:7,(anonymous_506)
FN:7,sr
FN:7,ur
FN:7,fr
FN:7,hr
FN:7,dr
FN:7,pr
FN:7,vr
FN:7,mr
FN:7,gr
FN:7,br
FN:7,yr
FN:7,xr
FN:7,wr
FN:7,Or
FN:7,_r
FN:7,(anonymous_522)
FN:7,(anonymous_523)
FN:7,(anonymous_524)
FN:7,kr
FN:7,Ar
FN:7,Er
FN:7,Lr
FN:7,Tr
FN:7,l
FN:7,f
FN:7,n
FN:7,h
FN:7,d
FN:7,p
FN:7,v
FN:7,g
FN:7,b
FN:7,y
FN:7,x
FN:7,w
FN:7,O
FN:7,_
FN:7,S
FN:7,C
FN:7,k
FN:7,j
FN:7,$
FN:7,A
FN:7,E
FN:7,T
FN:7,(anonymous_552)
FN:7,(anonymous_553)
FN:7,Mr
FN:7,Br
FN:7,(anonymous_556)
FN:7,(anonymous_557)
FN:7,Dr
FN:7,Vr
FN:7,Nr
FN:7,Fr
FN:7,zr
FN:7,Hr
FN:7,(anonymous_564)
FN:7,Ur
FN:7,Kr
FN:7,Xr
FN:7,r
FN:7,Qr
FN:7,(anonymous_570)
FN:7,to
FN:7,eo
FN:7,ro
FN:7,oo
FN:7,ao
FN:7,so
FN:7,(anonymous_577)
FN:7,(anonymous_578)
FN:7,lo
FN:7,fo
FN:7,ho
FN:7,(anonymous_582)
FN:7,(anonymous_583)
FN:7,xo
FN:7,_o
FN:7,(anonymous_586)
FN:7,So
FN:7,(anonymous_588)
FN:7,Co
FN:7,(anonymous_590)
FN:7,(anonymous_591)
FN:7,Bo
FN:7,(anonymous_593)
FN:7,Po
FN:7,Do
FN:7,Vo
FN:7,(anonymous_597)
FN:7,(anonymous_598)
FN:7,(anonymous_599)
FN:7,Ro
FN:7,Fo
FN:7,(anonymous_602)
FN:7,zo
FN:7,Ho
FN:7,(anonymous_605)
FN:7,(anonymous_606)
FN:7,(anonymous_607)
FN:7,Wo
FN:7,(anonymous_609)
FN:7,_
FN:7,(anonymous_611)
FN:7,Uo
FN:7,qo
FN:7,Go
FN:7,(anonymous_615)
FN:7,(anonymous_616)
FN:7,(anonymous_617)
FN:7,(anonymous_618)
FN:7,(anonymous_619)
FN:7,(anonymous_620)
FN:7,(anonymous_621)
FN:7,Qo
FN:7,(anonymous_623)
FN:7,ta
FN:7,ea
FN:7,(anonymous_626)
FN:7,na
FN:7,ia
FN:7,ra
FN:7,oa
FN:7,aa
FN:7,(anonymous_632)
FN:7,(anonymous_633)
FN:7,(anonymous_634)
FN:7,(anonymous_635)
FN:7,(anonymous_636)
FN:7,(anonymous_637)
FN:7,la
FN:7,fa
FN:7,ha
FN:7,da
FN:7,pa
FN:7,(anonymous_643)
FN:7,(anonymous_644)
FN:7,(anonymous_645)
FN:7,(anonymous_646)
FN:7,(anonymous_647)
FN:7,(anonymous_648)
FN:7,(anonymous_649)
FN:7,(anonymous_650)
FN:7,(anonymous_651)
FN:7,(anonymous_652)
FN:7,(anonymous_653)
FN:7,t
FN:7,(anonymous_655)
FN:7,(anonymous_656)
FN:7,xa
FN:7,wa
FN:7,Oa
FN:7,(anonymous_660)
FN:7,(anonymous_661)
FN:7,(anonymous_662)
FN:7,(anonymous_663)
FN:7,(anonymous_664)
FN:7,(anonymous_665)
FN:7,(anonymous_666)
FN:7,(anonymous_667)
FN:7,i
FN:7,(anonymous_669)
FN:7,r
FN:7,(anonymous_671)
FN:7,a
FN:7,(anonymous_673)
FN:7,(anonymous_674)
FN:7,(anonymous_675)
FN:7,(anonymous_676)
FN:7,(anonymous_677)
FN:7,(anonymous_678)
FN:7,(anonymous_679)
FN:7,(anonymous_680)
FN:7,(anonymous_681)
FN:7,(anonymous_682)
FN:7,(anonymous_683)
FN:7,(anonymous_684)
FN:7,(anonymous_685)
FN:7,(anonymous_686)
FN:7,(anonymous_687)
FN:7,(anonymous_688)
FN:7,(anonymous_689)
FN:7,(anonymous_690)
FN:13,i
FN:13,(anonymous_692)
FN:13,i
FN:13,(anonymous_694)
FN:13,(anonymous_695)
FN:13,(anonymous_696)
FN:13,(anonymous_697)
FN:13,a
FN:13,(anonymous_699)
FN:13,(anonymous_700)
FN:13,(anonymous_701)
FN:13,s
FN:13,c
FN:13,(anonymous_704)
FN:13,(anonymous_705)
FN:13,u
FN:13,(anonymous_707)
FN:13,l
FN:13,f
FN:13,h
FN:13,(anonymous_711)
FN:13,(anonymous_712)
FN:13,(anonymous_713)
FN:13,(anonymous_714)
FN:13,(anonymous_715)
FN:13,(anonymous_716)
FN:13,(anonymous_717)
FN:13,(anonymous_718)
FN:13,(anonymous_719)
FN:13,(anonymous_720)
FN:13,(anonymous_721)
FN:13,(anonymous_722)
FN:13,(anonymous_723)
FN:13,m
FN:13,(anonymous_725)
FN:13,(anonymous_726)
FN:13,(anonymous_727)
FN:13,(anonymous_728)
FN:13,(anonymous_729)
FN:13,(anonymous_730)
FN:13,(anonymous_731)
FN:13,(anonymous_732)
FN:13,(anonymous_733)
FN:13,(anonymous_734)
FN:13,(anonymous_735)
FN:13,(anonymous_736)
FN:13,(anonymous_737)
FN:13,x
FN:13,(anonymous_739)
FN:13,w
FN:13,O
FN:13,(anonymous_742)
FN:13,(anonymous_743)
FN:13,(anonymous_744)
FN:13,(anonymous_745)
FN:13,_
FN:13,(anonymous_747)
FN:13,(anonymous_748)
FN:13,(anonymous_749)
FN:13,(anonymous_750)
FN:13,(anonymous_751)
FN:13,S
FN:13,(anonymous_753)
FN:13,(anonymous_754)
FN:13,(anonymous_755)
FN:13,(anonymous_756)
FN:13,(anonymous_757)
FN:13,C
FN:13,(anonymous_759)
FN:13,(anonymous_760)
FN:13,k
FN:13,(anonymous_762)
FN:13,j
FN:13,(anonymous_764)
FN:13,(anonymous_765)
FN:13,$
FN:13,(anonymous_767)
FN:13,A
FN:13,(anonymous_769)
FN:13,(anonymous_770)
FN:13,E
FN:13,(anonymous_772)
FN:13,L
FN:13,T
FN:13,(anonymous_775)
FN:13,(anonymous_776)
FN:13,(anonymous_777)
FN:13,(anonymous_778)
FN:13,(anonymous_779)
FN:13,(anonymous_780)
FN:13,(anonymous_781)
FN:13,(anonymous_782)
FN:13,(anonymous_783)
FN:13,(anonymous_784)
FN:13,(anonymous_785)
FN:13,(anonymous_786)
FN:13,(anonymous_787)
FN:13,(anonymous_788)
FN:13,(anonymous_789)
FN:13,(anonymous_790)
FN:13,(anonymous_791)
FN:13,(anonymous_792)
FN:13,(anonymous_793)
FN:13,(anonymous_794)
FN:13,(anonymous_795)
FN:13,(anonymous_796)
FN:13,(anonymous_797)
FN:13,(anonymous_798)
FN:13,(anonymous_799)
FN:13,(anonymous_800)
FN:13,(anonymous_801)
FN:13,(anonymous_802)
FN:13,(anonymous_803)
FN:13,(anonymous_804)
FN:13,(anonymous_805)
FN:13,(anonymous_806)
FN:13,(anonymous_807)
FN:13,(anonymous_808)
FN:13,(anonymous_809)
FN:13,(anonymous_810)
FN:13,(anonymous_811)
FN:13,(anonymous_812)
FN:13,(anonymous_813)
FN:13,(anonymous_814)
FN:13,(anonymous_815)
FN:13,(anonymous_816)
FN:13,V
FN:13,(anonymous_818)
FN:13,(anonymous_819)
FN:13,N
FN:13,R
FN:13,(anonymous_822)
FN:13,F
FN:13,z
FN:13,(anonymous_825)
FN:13,(anonymous_826)
FN:13,(anonymous_827)
FN:13,(anonymous_828)
FN:13,(anonymous_829)
FN:13,(anonymous_830)
FN:13,(anonymous_831)
FN:13,(anonymous_832)
FN:13,H
FN:13,W
FN:13,U
FN:13,q
FN:13,G
FN:13,(anonymous_838)
FN:13,(anonymous_839)
FN:13,(anonymous_840)
FN:13,a
FN:13,(anonymous_842)
FN:13,s
FN:13,c
FN:13,(anonymous_845)
FN:13,(anonymous_846)
FN:13,(anonymous_847)
FN:13,(anonymous_848)
FN:13,(anonymous_849)
FN:13,(anonymous_850)
FN:13,(anonymous_851)
FN:13,(anonymous_852)
FN:13,(anonymous_853)
FN:13,(anonymous_854)
FN:13,(anonymous_855)
FN:13,(anonymous_856)
FN:13,i
FN:13,(anonymous_858)
FN:13,r
FN:13,a
FN:13,s
FN:13,(anonymous_862)
FN:13,(anonymous_863)
FN:13,(anonymous_864)
FN:13,(anonymous_865)
FN:13,(anonymous_866)
FN:13,(anonymous_867)
FN:13,(anonymous_868)
FN:13,(anonymous_869)
FN:13,(anonymous_870)
FN:13,(anonymous_871)
FN:13,(anonymous_872)
FN:13,(anonymous_873)
FN:13,(anonymous_874)
FN:13,(anonymous_875)
FN:13,(anonymous_876)
FN:13,(anonymous_877)
FN:13,(anonymous_878)
FN:13,(anonymous_879)
FN:13,(anonymous_880)
FN:13,(anonymous_881)
FN:13,(anonymous_882)
FN:13,(anonymous_883)
FN:13,(anonymous_884)
FN:13,(anonymous_885)
FN:13,(anonymous_886)
FN:13,(anonymous_887)
FN:13,(anonymous_888)
FN:13,(anonymous_889)
FN:13,(anonymous_890)
FN:13,(anonymous_891)
FN:13,(anonymous_892)
FN:13,(anonymous_893)
FN:13,(anonymous_894)
FN:13,(anonymous_895)
FN:13,(anonymous_896)
FN:13,(anonymous_897)
FN:13,(anonymous_898)
FN:13,(anonymous_899)
FN:13,(anonymous_900)
FN:13,(anonymous_901)
FN:13,(anonymous_902)
FN:13,(anonymous_903)
FN:13,(anonymous_904)
FN:13,(anonymous_905)
FN:13,(anonymous_906)
FN:13,(anonymous_907)
FN:13,(anonymous_908)
FN:13,(anonymous_909)
FN:13,(anonymous_910)
FN:13,(anonymous_911)
FN:13,(anonymous_912)
FN:13,(anonymous_913)
FN:13,(anonymous_914)
FN:13,(anonymous_915)
FN:13,(anonymous_916)
FN:13,(anonymous_917)
FN:13,(anonymous_918)
FN:13,(anonymous_919)
FN:13,(anonymous_920)
FN:13,(anonymous_921)
FN:13,(anonymous_922)
FN:13,(anonymous_923)
FN:13,(anonymous_924)
FN:13,(anonymous_925)
FN:13,(anonymous_926)
FN:13,(anonymous_927)
FN:13,(anonymous_928)
FN:13,(anonymous_929)
FN:13,(anonymous_930)
FN:13,(anonymous_931)
FN:13,(anonymous_932)
FN:13,i
FN:13,(anonymous_934)
FN:13,(anonymous_935)
FN:13,(anonymous_936)
FN:13,(anonymous_937)
FN:13,(anonymous_938)
FN:13,(anonymous_939)
FN:13,(anonymous_940)
FN:13,(anonymous_941)
FN:13,(anonymous_942)
FN:13,(anonymous_943)
FN:13,(anonymous_944)
FN:13,(anonymous_945)
FN:13,(anonymous_946)
FN:13,(anonymous_947)
FN:13,(anonymous_948)
FN:13,(anonymous_949)
FN:13,y
FN:13,x
FN:13,S
FN:13,(anonymous_953)
FN:13,(anonymous_954)
FN:13,(anonymous_955)
FN:13,(anonymous_956)
FN:13,(anonymous_957)
FN:13,(anonymous_958)
FN:13,(anonymous_959)
FN:13,(anonymous_960)
FN:13,(anonymous_961)
FN:13,(anonymous_962)
FN:13,(anonymous_963)
FN:13,(anonymous_964)
FN:13,(anonymous_965)
FN:13,(anonymous_966)
FN:13,(anonymous_967)
FN:13,(anonymous_968)
FN:13,(anonymous_969)
FN:13,(anonymous_970)
FN:13,(anonymous_971)
FN:13,(anonymous_972)
FN:13,(anonymous_973)
FN:13,(anonymous_974)
FN:13,(anonymous_975)
FN:13,(anonymous_976)
FN:13,(anonymous_977)
FN:13,(anonymous_978)
FN:13,(anonymous_979)
FN:13,(anonymous_980)
FN:13,(anonymous_981)
FN:13,(anonymous_982)
FN:13,(anonymous_983)
FN:13,(anonymous_984)
FN:13,(anonymous_985)
FN:13,(anonymous_986)
FN:13,(anonymous_987)
FN:13,(anonymous_988)
FN:13,(anonymous_989)
FN:13,(anonymous_990)
FN:13,(anonymous_991)
FN:13,(anonymous_992)
FN:13,(anonymous_993)
FN:13,(anonymous_994)
FN:13,(anonymous_995)
FN:13,(anonymous_996)
FN:13,(anonymous_997)
FN:13,(anonymous_998)
FN:13,(anonymous_999)
FN:13,(anonymous_1000)
FN:13,(anonymous_1001)
FN:13,(anonymous_1002)
FN:13,(anonymous_1003)
FN:13,(anonymous_1004)
FN:13,(anonymous_1005)
FN:13,(anonymous_1006)
FN:13,(anonymous_1007)
FN:13,(anonymous_1008)
FN:13,(anonymous_1009)
FN:13,(anonymous_1010)
FN:13,(anonymous_1011)
FN:13,(anonymous_1012)
FN:13,(anonymous_1013)
FN:13,(anonymous_1014)
FN:13,(anonymous_1015)
FN:13,(anonymous_1016)
FN:13,(anonymous_1017)
FN:13,(anonymous_1018)
FN:13,(anonymous_1019)
FN:13,(anonymous_1020)
FN:13,(anonymous_1021)
FN:13,(anonymous_1022)
FN:13,(anonymous_1023)
FN:13,(anonymous_1024)
FN:13,t
FN:13,(anonymous_1026)
FN:13,(anonymous_1027)
FN:13,(anonymous_1028)
FN:13,(anonymous_1029)
FN:13,(anonymous_1030)
FN:13,(anonymous_1031)
FN:13,(anonymous_1032)
FN:13,(anonymous_1033)
FN:13,(anonymous_1034)
FN:13,(anonymous_1035)
FN:13,(anonymous_1036)
FN:13,(anonymous_1037)
FN:13,(anonymous_1038)
FN:13,(anonymous_1039)
FN:13,(anonymous_1040)
FN:13,(anonymous_1041)
FN:13,(anonymous_1042)
FN:13,(anonymous_1043)
FN:13,(anonymous_1044)
FN:13,(anonymous_1045)
FN:13,(anonymous_1046)
FN:13,(anonymous_1047)
FN:13,(anonymous_1048)
FN:13,(anonymous_1049)
FN:13,(anonymous_1050)
FN:13,(anonymous_1051)
FN:13,(anonymous_1052)
FN:13,(anonymous_1053)
FN:13,(anonymous_1054)
FN:13,(anonymous_1055)
FN:13,(anonymous_1056)
FN:13,(anonymous_1057)
FN:13,(anonymous_1058)
FN:13,(anonymous_1059)
FN:13,(anonymous_1060)
FN:13,(anonymous_1061)
FN:13,(anonymous_1062)
FN:13,(anonymous_1063)
FN:13,(anonymous_1064)
FN:13,(anonymous_1065)
FN:13,(anonymous_1066)
FN:13,(anonymous_1067)
FN:13,(anonymous_1068)
FN:13,(anonymous_1069)
FN:13,(anonymous_1070)
FN:13,(anonymous_1071)
FN:13,(anonymous_1072)
FN:13,(anonymous_1073)
FN:13,o
FN:13,(anonymous_1075)
FN:13,(anonymous_1076)
FN:13,(anonymous_1077)
FN:13,(anonymous_1078)
FN:13,(anonymous_1079)
FN:13,(anonymous_1080)
FN:13,(anonymous_1081)
FN:13,(anonymous_1082)
FN:13,(anonymous_1083)
FN:13,(anonymous_1084)
FN:13,(anonymous_1085)
FN:13,(anonymous_1086)
FN:13,(anonymous_1087)
FN:13,(anonymous_1088)
FN:13,(anonymous_1089)
FN:13,(anonymous_1090)
FN:13,(anonymous_1091)
FN:13,(anonymous_1092)
FN:13,(anonymous_1093)
FN:13,(anonymous_1094)
FN:13,(anonymous_1095)
FN:13,(anonymous_1096)
FN:13,(anonymous_1097)
FN:13,(anonymous_1098)
FN:13,(anonymous_1099)
FN:13,(anonymous_1100)
FN:13,(anonymous_1101)
FN:13,(anonymous_1102)
FN:13,(anonymous_1103)
FN:13,(anonymous_1104)
FN:13,(anonymous_1105)
FN:13,(anonymous_1106)
FN:13,(anonymous_1107)
FN:13,(anonymous_1108)
FN:13,i
FN:13,(anonymous_1110)
FN:13,(anonymous_1111)
FN:13,(anonymous_1112)
FN:13,(anonymous_1113)
FN:13,r
FN:13,(anonymous_1115)
FN:13,o
FN:13,(anonymous_1117)
FN:13,(anonymous_1118)
FN:13,(anonymous_1119)
FN:13,o
FN:13,a
FN:13,s
FN:13,c
FN:13,(anonymous_1124)
FN:13,(anonymous_1125)
FN:13,(anonymous_1126)
FN:13,(anonymous_1127)
FN:13,(anonymous_1128)
FN:13,(anonymous_1129)
FN:13,f
FN:13,h
FN:13,(anonymous_1132)
FN:13,(anonymous_1133)
FN:13,d
FN:13,(anonymous_1135)
FN:13,(anonymous_1136)
FN:13,p
FN:13,m
FN:13,g
FN:13,b
FN:13,y
FN:13,x
FN:13,w
FN:13,O
FN:13,_
FN:13,(anonymous_1146)
FN:13,(anonymous_1147)
FN:13,(anonymous_1148)
FN:13,(anonymous_1149)
FN:13,(anonymous_1150)
FN:13,(anonymous_1151)
FN:13,(anonymous_1152)
FN:13,(anonymous_1153)
FN:13,(anonymous_1154)
FN:13,(anonymous_1155)
FN:13,(anonymous_1156)
FN:13,(anonymous_1157)
FN:13,r
FN:13,(anonymous_1159)
FN:13,(anonymous_1160)
FN:13,(anonymous_1161)
FN:13,(anonymous_1162)
FN:13,(anonymous_1163)
FN:13,(anonymous_1164)
FN:13,(anonymous_1165)
FN:13,(anonymous_1166)
FN:13,(anonymous_1167)
FN:13,(anonymous_1168)
FN:13,(anonymous_1169)
FN:13,(anonymous_1170)
FN:13,(anonymous_1171)
FN:13,(anonymous_1172)
FN:13,(anonymous_1173)
FN:13,(anonymous_1174)
FN:13,(anonymous_1175)
FN:13,(anonymous_1176)
FN:13,(anonymous_1177)
FN:13,(anonymous_1178)
FN:13,(anonymous_1179)
FN:13,(anonymous_1180)
FN:13,(anonymous_1181)
FN:13,(anonymous_1182)
FN:13,(anonymous_1183)
FN:13,(anonymous_1184)
FN:13,(anonymous_1185)
FN:13,(anonymous_1186)
FN:13,(anonymous_1187)
FN:13,(anonymous_1188)
FN:13,(anonymous_1189)
FN:13,(anonymous_1190)
FN:13,(anonymous_1191)
FN:13,(anonymous_1192)
FN:13,(anonymous_1193)
FN:13,(anonymous_1194)
FN:13,(anonymous_1195)
FN:13,(anonymous_1196)
FN:13,(anonymous_1197)
FN:13,(anonymous_1198)
FN:13,(anonymous_1199)
FN:13,(anonymous_1200)
FN:13,(anonymous_1201)
FN:13,(anonymous_1202)
FN:13,(anonymous_1203)
FN:13,(anonymous_1204)
FN:13,(anonymous_1205)
FN:13,(anonymous_1206)
FN:13,(anonymous_1207)
FN:13,(anonymous_1208)
FN:13,(anonymous_1209)
FN:13,(anonymous_1210)
FN:13,(anonymous_1211)
FN:13,(anonymous_1212)
FN:13,(anonymous_1213)
FN:13,(anonymous_1214)
FN:13,(anonymous_1215)
FN:13,(anonymous_1216)
FN:13,(anonymous_1217)
FN:13,(anonymous_1218)
FN:13,(anonymous_1219)
FN:13,(anonymous_1220)
FN:13,(anonymous_1221)
FN:13,(anonymous_1222)
FN:13,(anonymous_1223)
FN:13,(anonymous_1224)
FN:13,(anonymous_1225)
FN:13,(anonymous_1226)
FN:13,(anonymous_1227)
FN:13,(anonymous_1228)
FN:13,(anonymous_1229)
FN:13,(anonymous_1230)
FN:13,(anonymous_1231)
FN:13,(anonymous_1232)
FN:13,(anonymous_1233)
FN:13,(anonymous_1234)
FN:13,(anonymous_1235)
FN:13,(anonymous_1236)
FN:13,(anonymous_1237)
FN:13,d
FN:13,(anonymous_1239)
FN:13,(anonymous_1240)
FN:13,(anonymous_1241)
FN:13,(anonymous_1242)
FN:13,(anonymous_1243)
FN:13,(anonymous_1244)
FN:13,(anonymous_1245)
FN:13,(anonymous_1246)
FN:13,(anonymous_1247)
FN:13,(anonymous_1248)
FN:13,(anonymous_1249)
FN:13,(anonymous_1250)
FN:13,(anonymous_1251)
FN:13,(anonymous_1252)
FN:13,(anonymous_1253)
FN:13,(anonymous_1254)
FN:13,(anonymous_1255)
FN:13,(anonymous_1256)
FN:13,(anonymous_1257)
FN:13,(anonymous_1258)
FN:13,(anonymous_1259)
FN:13,(anonymous_1260)
FN:13,(anonymous_1261)
FN:13,(anonymous_1262)
FN:13,(anonymous_1263)
FN:13,(anonymous_1264)
FN:13,(anonymous_1265)
FN:13,(anonymous_1266)
FN:13,(anonymous_1267)
FN:13,(anonymous_1268)
FN:13,(anonymous_1269)
FN:13,(anonymous_1270)
FN:13,(anonymous_1271)
FN:13,(anonymous_1272)
FN:13,(anonymous_1273)
FN:13,(anonymous_1274)
FN:13,(anonymous_1275)
FN:13,(anonymous_1276)
FN:13,(anonymous_1277)
FN:13,(anonymous_1278)
FN:13,i
FN:13,(anonymous_1280)
FN:13,(anonymous_1281)
FN:13,(anonymous_1282)
FN:13,(anonymous_1283)
FN:13,(anonymous_1284)
FN:13,(anonymous_1285)
FN:13,(anonymous_1286)
FN:13,(anonymous_1287)
FN:13,(anonymous_1288)
FN:13,(anonymous_1289)
FN:13,(anonymous_1290)
FN:13,(anonymous_1291)
FN:13,(anonymous_1292)
FN:13,(anonymous_1293)
FN:13,(anonymous_1294)
FN:13,(anonymous_1295)
FN:13,(anonymous_1296)
FN:13,(anonymous_1297)
FN:13,(anonymous_1298)
FN:13,(anonymous_1299)
FN:13,(anonymous_1300)
FN:13,(anonymous_1301)
FN:13,i
FN:13,(anonymous_1303)
FN:13,(anonymous_1304)
FN:13,(anonymous_1305)
FN:13,(anonymous_1306)
FN:13,(anonymous_1307)
FN:13,(anonymous_1308)
FN:13,(anonymous_1309)
FN:13,(anonymous_1310)
FN:13,(anonymous_1311)
FN:13,(anonymous_1312)
FN:13,(anonymous_1313)
FN:13,(anonymous_1314)
FN:13,(anonymous_1315)
FN:13,(anonymous_1316)
FN:13,(anonymous_1317)
FN:13,(anonymous_1318)
FN:13,(anonymous_1319)
FN:13,(anonymous_1320)
FN:13,(anonymous_1321)
FN:13,(anonymous_1322)
FN:13,(anonymous_1323)
FN:13,(anonymous_1324)
FN:13,a
FN:13,(anonymous_1326)
FN:13,(anonymous_1327)
FN:13,(anonymous_1328)
FN:13,(anonymous_1329)
FN:13,(anonymous_1330)
FN:13,(anonymous_1331)
FN:13,(anonymous_1332)
FN:13,(anonymous_1333)
FN:13,(anonymous_1334)
FN:13,r
FN:13,o
FN:13,(anonymous_1337)
FN:13,a
FN:13,s
FN:13,(anonymous_1340)
FN:13,(anonymous_1341)
FN:13,(anonymous_1342)
FN:13,(anonymous_1343)
FN:13,(anonymous_1344)
FN:13,(anonymous_1345)
FN:13,(anonymous_1346)
FN:13,(anonymous_1347)
FN:13,(anonymous_1348)
FN:13,(anonymous_1349)
FN:13,(anonymous_1350)
FN:13,(anonymous_1351)
FN:13,(anonymous_1352)
FN:13,(anonymous_1353)
FN:13,(anonymous_1354)
FN:13,(anonymous_1355)
FN:13,(anonymous_1356)
FN:13,(anonymous_1357)
FN:13,(anonymous_1358)
FN:13,(anonymous_1359)
FN:13,(anonymous_1360)
FN:13,(anonymous_1361)
FN:13,(anonymous_1362)
FN:13,(anonymous_1363)
FN:13,(anonymous_1364)
FN:13,(anonymous_1365)
FN:13,(anonymous_1366)
FN:13,(anonymous_1367)
FN:13,(anonymous_1368)
FN:13,(anonymous_1369)
FN:13,(anonymous_1370)
FN:13,(anonymous_1371)
FN:13,(anonymous_1372)
FN:13,(anonymous_1373)
FN:13,(anonymous_1374)
FN:13,(anonymous_1375)
FN:13,_
FN:13,S
FN:13,C
FN:13,k
FN:13,j
FN:13,(anonymous_1381)
FN:13,e
FN:13,(anonymous_1383)
FN:13,(anonymous_1384)
FN:13,n
FN:13,(anonymous_1386)
FN:13,(anonymous_1387)
FN:13,(anonymous_1388)
FN:13,(anonymous_1389)
FN:13,(anonymous_1390)
FN:13,(anonymous_1391)
FN:13,(anonymous_1392)
FN:13,(anonymous_1393)
FN:13,(anonymous_1394)
FN:13,(anonymous_1395)
FN:13,(anonymous_1396)
FN:13,(anonymous_1397)
FN:13,(anonymous_1398)
FN:13,r
FN:13,(anonymous_1400)
FN:13,(anonymous_1401)
FN:13,(anonymous_1402)
FN:13,(anonymous_1403)
FN:13,(anonymous_1404)
FN:13,(anonymous_1405)
FN:13,(anonymous_1406)
FN:13,(anonymous_1407)
FN:13,(anonymous_1408)
FN:13,(anonymous_1409)
FN:13,(anonymous_1410)
FN:13,(anonymous_1411)
FN:13,(anonymous_1412)
FN:13,(anonymous_1413)
FN:13,(anonymous_1414)
FN:13,(anonymous_1415)
FN:13,(anonymous_1416)
FN:13,(anonymous_1417)
FN:13,(anonymous_1418)
FN:13,(anonymous_1419)
FN:13,(anonymous_1420)
FN:13,(anonymous_1421)
FN:13,(anonymous_1422)
FN:13,(anonymous_1423)
FN:13,(anonymous_1424)
FN:13,(anonymous_1425)
FN:13,(anonymous_1426)
FN:13,o
FN:13,(anonymous_1428)
FN:13,(anonymous_1429)
FN:13,s
FN:13,c
FN:13,(anonymous_1432)
FN:13,u
FN:13,l
FN:13,f
FN:13,d
FN:13,(anonymous_1437)
FN:13,p
FN:13,v
FN:13,m
FN:13,g
FN:13,y
FN:13,x
FN:13,(anonymous_1444)
FN:13,(anonymous_1445)
FN:13,_
FN:13,S
FN:13,C
FN:13,k
FN:13,j
FN:13,$
FN:13,A
FN:13,E
FN:13,(anonymous_1454)
FN:13,(anonymous_1455)
FN:13,(anonymous_1456)
FN:13,(anonymous_1457)
FN:13,(anonymous_1458)
FN:13,(anonymous_1459)
FN:13,(anonymous_1460)
FN:13,(anonymous_1461)
FN:13,(anonymous_1462)
FN:13,(anonymous_1463)
FN:13,(anonymous_1464)
FN:13,(anonymous_1465)
FN:13,(anonymous_1466)
FN:13,(anonymous_1467)
FN:13,(anonymous_1468)
FN:13,(anonymous_1469)
FN:13,(anonymous_1470)
FN:13,(anonymous_1471)
FN:13,(anonymous_1472)
FN:13,(anonymous_1473)
FN:13,(anonymous_1474)
FN:13,(anonymous_1475)
FN:13,(anonymous_1476)
FN:13,(anonymous_1477)
FN:13,(anonymous_1478)
FN:13,(anonymous_1479)
FN:13,(anonymous_1480)
FN:13,(anonymous_1481)
FN:13,(anonymous_1482)
FN:13,(anonymous_1483)
FN:13,(anonymous_1484)
FN:13,(anonymous_1485)
FN:13,(anonymous_1486)
FN:13,(anonymous_1487)
FN:13,(anonymous_1488)
FN:13,(anonymous_1489)
FN:13,(anonymous_1490)
FN:13,(anonymous_1491)
FN:13,(anonymous_1492)
FN:13,(anonymous_1493)
FN:13,(anonymous_1494)
FN:13,(anonymous_1495)
FN:13,(anonymous_1496)
FN:13,(anonymous_1497)
FN:13,(anonymous_1498)
FN:13,(anonymous_1499)
FN:13,(anonymous_1500)
FN:13,v
FN:13,(anonymous_1502)
FN:13,(anonymous_1503)
FN:13,(anonymous_1504)
FN:13,(anonymous_1505)
FN:13,(anonymous_1506)
FN:13,(anonymous_1507)
FN:13,(anonymous_1508)
FN:13,(anonymous_1509)
FN:13,(anonymous_1510)
FN:13,(anonymous_1511)
FN:13,(anonymous_1512)
FN:13,(anonymous_1513)
FN:13,(anonymous_1514)
FN:13,(anonymous_1515)
FN:13,(anonymous_1516)
FN:13,(anonymous_1517)
FN:13,(anonymous_1518)
FN:13,(anonymous_1519)
FN:13,(anonymous_1520)
FN:13,(anonymous_1521)
FN:13,(anonymous_1522)
FN:13,(anonymous_1523)
FN:13,(anonymous_1524)
FN:13,(anonymous_1525)
FN:13,(anonymous_1526)
FN:13,(anonymous_1527)
FN:13,(anonymous_1528)
FN:13,(anonymous_1529)
FN:13,(anonymous_1530)
FN:13,(anonymous_1531)
FN:13,(anonymous_1532)
FN:13,(anonymous_1533)
FN:13,(anonymous_1534)
FN:13,(anonymous_1535)
FN:13,(anonymous_1536)
FN:13,(anonymous_1537)
FN:13,(anonymous_1538)
FN:13,(anonymous_1539)
FN:13,(anonymous_1540)
FN:13,(anonymous_1541)
FN:13,(anonymous_1542)
FN:13,(anonymous_1543)
FN:13,(anonymous_1544)
FN:13,(anonymous_1545)
FN:13,(anonymous_1546)
FN:13,(anonymous_1547)
FN:13,(anonymous_1548)
FN:13,(anonymous_1549)
FN:13,(anonymous_1550)
FN:13,(anonymous_1551)
FN:13,(anonymous_1552)
FN:13,(anonymous_1553)
FN:13,(anonymous_1554)
FN:13,(anonymous_1555)
FN:13,(anonymous_1556)
FN:13,(anonymous_1557)
FN:13,(anonymous_1558)
FN:13,(anonymous_1559)
FN:13,(anonymous_1560)
FN:13,(anonymous_1561)
FN:13,(anonymous_1562)
FN:13,(anonymous_1563)
FN:13,(anonymous_1564)
FN:13,(anonymous_1565)
FN:13,(anonymous_1566)
FN:13,(anonymous_1567)
FN:13,(anonymous_1568)
FN:13,(anonymous_1569)
FN:13,(anonymous_1570)
FN:13,(anonymous_1571)
FN:13,(anonymous_1572)
FN:13,(anonymous_1573)
FN:13,(anonymous_1574)
FN:13,(anonymous_1575)
FN:13,(anonymous_1576)
FN:13,(anonymous_1577)
FN:13,(anonymous_1578)
FN:13,(anonymous_1579)
FN:13,(anonymous_1580)
FN:13,(anonymous_1581)
FN:13,(anonymous_1582)
FN:13,(anonymous_1583)
FN:13,(anonymous_1584)
FN:13,(anonymous_1585)
FN:13,(anonymous_1586)
FN:13,(anonymous_1587)
FN:13,(anonymous_1588)
FN:13,(anonymous_1589)
FN:13,(anonymous_1590)
FN:13,(anonymous_1591)
FN:13,(anonymous_1592)
FN:13,(anonymous_1593)
FN:13,(anonymous_1594)
FN:13,(anonymous_1595)
FN:13,(anonymous_1596)
FN:13,(anonymous_1597)
FN:13,(anonymous_1598)
FN:13,(anonymous_1599)
FN:13,(anonymous_1600)
FN:13,(anonymous_1601)
FN:13,(anonymous_1602)
FN:13,(anonymous_1603)
FN:13,(anonymous_1604)
FN:13,(anonymous_1605)
FN:13,(anonymous_1606)
FN:18,i
FN:18,r
FN:18,(anonymous_1609)
FN:18,(anonymous_1610)
FN:18,u
FN:18,l
FN:18,(anonymous_1613)
FN:18,h
FN:18,(anonymous_1615)
FN:18,d
FN:18,(anonymous_1617)
FN:18,(anonymous_1618)
FN:18,(anonymous_1619)
FN:18,v
FN:18,m
FN:18,b
FN:18,y
FN:18,x
FN:18,w
FN:18,(anonymous_1626)
FN:18,O
FN:18,_
FN:18,S
FN:18,(anonymous_1630)
FN:18,(anonymous_1631)
FN:18,(anonymous_1632)
FN:18,(anonymous_1633)
FN:18,k
FN:18,j
FN:18,$
FN:18,A
FN:18,E
FN:18,(anonymous_1639)
FN:18,V
FN:18,N
FN:18,R
FN:18,(anonymous_1643)
FN:18,F
FN:18,(anonymous_1645)
FN:18,z
FN:18,(anonymous_1647)
FN:18,H
FN:18,W
FN:18,U
FN:18,q
FN:18,G
FN:18,Y
FN:18,Z
FN:18,K
FN:18,X
FN:18,Q
FN:18,tt
FN:18,(anonymous_1659)
FN:18,(anonymous_1660)
FN:18,(anonymous_1661)
FN:18,(anonymous_1662)
FN:18,at
FN:18,st
FN:18,ct
FN:18,(anonymous_1666)
FN:18,(anonymous_1667)
FN:18,(anonymous_1668)
FN:18,(anonymous_1669)
FN:18,(anonymous_1670)
FN:18,(anonymous_1671)
FN:18,lt
FN:18,(anonymous_1673)
FN:18,ft
FN:18,(anonymous_1675)
FN:18,ht
FN:18,dt
FN:18,pt
FN:18,a
FN:18,s
FN:18,(anonymous_1681)
FN:18,c
FN:18,(anonymous_1683)
FN:18,u
FN:18,(anonymous_1685)
FN:18,(anonymous_1686)
FN:18,l
FN:18,f
FN:18,h
FN:18,vt
FN:18,mt
FN:18,bt
FN:18,xt
FN:18,wt
FN:18,_t
FN:18,(anonymous_1696)
FN:18,St
FN:18,(anonymous_1698)
FN:18,(anonymous_1699)
FN:18,(anonymous_1700)
FN:18,Ct
FN:18,kt
FN:18,jt
FN:18,$t
FN:18,At
FN:18,Et
FN:18,Lt
FN:18,Tt
FN:18,Mt
FN:18,(anonymous_1710)
FN:18,Pt
FN:18,Dt
FN:18,Vt
FN:18,(anonymous_1714)
FN:18,(anonymous_1715)
FN:18,Rt
FN:18,Ft
FN:18,zt
FN:18,Ht
FN:18,Wt
FN:18,qt
FN:18,(anonymous_1722)
FN:18,Gt
FN:18,Yt
FN:18,Zt
FN:18,(anonymous_1726)
FN:18,(anonymous_1727)
FN:18,(anonymous_1728)
FN:18,(anonymous_1729)
FN:18,Kt
FN:18,(anonymous_1731)
FN:18,(anonymous_1732)
FN:18,Xt
FN:18,Qt
FN:18,te
FN:18,(anonymous_1736)
FN:18,(anonymous_1737)
FN:18,ne
FN:18,ie
FN:18,re
FN:18,(anonymous_1741)
FN:18,(anonymous_1742)
FN:18,oe
FN:18,ae
FN:18,se
FN:18,ce
FN:18,(anonymous_1747)
FN:18,ue
FN:18,(anonymous_1749)
FN:18,le
FN:18,(anonymous_1751)
FN:18,(anonymous_1752)
FN:18,(anonymous_1753)
FN:18,(anonymous_1754)
FN:18,(anonymous_1755)
FN:18,(anonymous_1756)
FN:18,(anonymous_1757)
FN:18,(anonymous_1758)
FN:18,(anonymous_1759)
FN:18,(anonymous_1760)
FN:18,(anonymous_1761)
FN:18,(anonymous_1762)
FN:18,(anonymous_1763)
FN:18,(anonymous_1764)
FN:18,(anonymous_1765)
FN:18,(anonymous_1766)
FN:18,(anonymous_1767)
FN:18,(anonymous_1768)
FN:18,(anonymous_1769)
FN:18,(anonymous_1770)
FN:18,(anonymous_1771)
FN:18,(anonymous_1772)
FN:18,(anonymous_1773)
FN:18,(anonymous_1774)
FN:18,(anonymous_1775)
FN:18,(anonymous_1776)
FN:18,e
FN:18,(anonymous_1778)
FN:18,(anonymous_1779)
FN:18,(anonymous_1780)
FN:18,(anonymous_1781)
FN:18,(anonymous_1782)
FN:18,(anonymous_1783)
FN:18,(anonymous_1784)
FN:18,(anonymous_1785)
FN:18,(anonymous_1786)
FN:18,(anonymous_1787)
FN:18,(anonymous_1788)
FN:18,he
FN:18,(anonymous_1790)
FN:18,e
FN:18,(anonymous_1792)
FN:18,(anonymous_1793)
FN:18,(anonymous_1794)
FN:18,(anonymous_1795)
FN:18,(anonymous_1796)
FN:18,(anonymous_1797)
FN:18,(anonymous_1798)
FN:18,(anonymous_1799)
FN:18,(anonymous_1800)
FN:18,(anonymous_1801)
FN:18,(anonymous_1802)
FN:18,pe
FN:18,ve
FN:18,me
FN:18,ge
FN:18,be
FN:18,ye
FN:18,(anonymous_1809)
FN:18,e
FN:18,(anonymous_1811)
FN:18,(anonymous_1812)
FN:18,(anonymous_1813)
FN:18,(anonymous_1814)
FN:18,(anonymous_1815)
FN:18,(anonymous_1816)
FN:18,(anonymous_1817)
FN:18,(anonymous_1818)
FN:18,(anonymous_1819)
FN:18,(anonymous_1820)
FN:18,(anonymous_1821)
FN:18,_e
FN:18,(anonymous_1823)
FN:18,Se
FN:18,(anonymous_1825)
FN:18,(anonymous_1826)
FN:18,(anonymous_1827)
FN:18,(anonymous_1828)
FN:18,(anonymous_1829)
FN:18,(anonymous_1830)
FN:18,(anonymous_1831)
FN:18,(anonymous_1832)
FN:18,(anonymous_1833)
FN:18,(anonymous_1834)
FN:18,(anonymous_1835)
FN:18,(anonymous_1836)
FN:18,(anonymous_1837)
FN:18,(anonymous_1838)
FN:18,(anonymous_1839)
FN:18,(anonymous_1840)
FN:18,(anonymous_1841)
FN:18,(anonymous_1842)
FN:18,(anonymous_1843)
FN:18,(anonymous_1844)
FN:18,(anonymous_1845)
FN:18,(anonymous_1846)
FN:18,(anonymous_1847)
FN:18,(anonymous_1848)
FN:18,(anonymous_1849)
FN:18,(anonymous_1850)
FN:18,(anonymous_1851)
FN:18,(anonymous_1852)
FN:18,(anonymous_1853)
FN:18,(anonymous_1854)
FN:18,(anonymous_1855)
FN:18,(anonymous_1856)
FN:18,(anonymous_1857)
FN:18,(anonymous_1858)
FN:18,c
FN:18,u
FN:18,(anonymous_1861)
FN:18,(anonymous_1862)
FN:18,(anonymous_1863)
FN:18,(anonymous_1864)
FN:18,(anonymous_1865)
FN:18,(anonymous_1866)
FN:18,(anonymous_1867)
FN:18,r
FN:18,(anonymous_1869)
FN:18,(anonymous_1870)
FN:18,o
FN:18,(anonymous_1872)
FN:18,(anonymous_1873)
FN:18,(anonymous_1874)
FN:18,(anonymous_1875)
FN:18,(anonymous_1876)
FN:18,(anonymous_1877)
FN:18,(anonymous_1878)
FN:18,(anonymous_1879)
FN:18,(anonymous_1880)
FN:18,(anonymous_1881)
FN:18,(anonymous_1882)
FN:18,(anonymous_1883)
FN:18,(anonymous_1884)
FN:18,(anonymous_1885)
FN:18,(anonymous_1886)
FN:18,(anonymous_1887)
FN:18,(anonymous_1888)
FN:18,(anonymous_1889)
FN:18,(anonymous_1890)
FN:18,(anonymous_1891)
FN:18,(anonymous_1892)
FN:18,o
FN:18,a
FN:18,(anonymous_1895)
FN:18,(anonymous_1896)
FN:18,(anonymous_1897)
FN:18,(anonymous_1898)
FN:18,(anonymous_1899)
FN:18,(anonymous_1900)
FN:18,(anonymous_1901)
FN:18,(anonymous_1902)
FN:18,(anonymous_1903)
FN:18,(anonymous_1904)
FN:18,(anonymous_1905)
FN:18,(anonymous_1906)
FN:18,(anonymous_1907)
FN:18,(anonymous_1908)
FN:18,(anonymous_1909)
FN:18,(anonymous_1910)
FN:18,(anonymous_1911)
FN:18,(anonymous_1912)
FN:18,(anonymous_1913)
FN:18,(anonymous_1914)
FN:18,(anonymous_1915)
FN:18,(anonymous_1916)
FN:18,(anonymous_1917)
FN:18,(anonymous_1918)
FN:18,(anonymous_1919)
FN:18,(anonymous_1920)
FN:18,(anonymous_1921)
FN:18,(anonymous_1922)
FN:18,(anonymous_1923)
FN:18,(anonymous_1924)
FN:18,o
FN:18,(anonymous_1926)
FN:18,(anonymous_1927)
FN:18,(anonymous_1928)
FN:18,(anonymous_1929)
FN:18,(anonymous_1930)
FN:18,(anonymous_1931)
FN:18,(anonymous_1932)
FN:18,(anonymous_1933)
FN:18,(anonymous_1934)
FN:18,(anonymous_1935)
FN:18,(anonymous_1936)
FN:18,(anonymous_1937)
FN:18,(anonymous_1938)
FN:18,(anonymous_1939)
FN:18,(anonymous_1940)
FN:18,(anonymous_1941)
FN:18,(anonymous_1942)
FN:18,(anonymous_1943)
FN:18,(anonymous_1944)
FN:18,(anonymous_1945)
FN:18,(anonymous_1946)
FN:18,(anonymous_1947)
FN:18,(anonymous_1948)
FN:18,(anonymous_1949)
FN:18,(anonymous_1950)
FN:18,(anonymous_1951)
FN:18,(anonymous_1952)
FN:18,(anonymous_1953)
FN:18,(anonymous_1954)
FN:18,(anonymous_1955)
FN:18,(anonymous_1956)
FN:18,(anonymous_1957)
FN:18,(anonymous_1958)
FN:18,(anonymous_1959)
FN:18,(anonymous_1960)
FN:18,(anonymous_1961)
FN:18,(anonymous_1962)
FN:18,r
FN:18,(anonymous_1964)
FN:18,(anonymous_1965)
FN:18,(anonymous_1966)
FN:18,(anonymous_1967)
FN:18,(anonymous_1968)
FN:18,(anonymous_1969)
FN:18,(anonymous_1970)
FN:18,(anonymous_1971)
FN:18,(anonymous_1972)
FN:18,(anonymous_1973)
FN:18,(anonymous_1974)
FN:18,(anonymous_1975)
FN:18,(anonymous_1976)
FN:18,(anonymous_1977)
FN:18,(anonymous_1978)
FN:18,(anonymous_1979)
FN:18,(anonymous_1980)
FN:18,(anonymous_1981)
FN:18,(anonymous_1982)
FN:18,(anonymous_1983)
FN:18,(anonymous_1984)
FN:18,(anonymous_1985)
FN:18,(anonymous_1986)
FN:18,(anonymous_1987)
FN:18,(anonymous_1988)
FN:18,(anonymous_1989)
FN:18,(anonymous_1990)
FN:18,(anonymous_1991)
FN:18,(anonymous_1992)
FN:18,(anonymous_1993)
FN:18,(anonymous_1994)
FN:18,(anonymous_1995)
FN:18,(anonymous_1996)
FN:18,(anonymous_1997)
FN:18,(anonymous_1998)
FN:18,(anonymous_1999)
FN:18,(anonymous_2000)
FN:18,(anonymous_2001)
FN:18,i
FN:18,(anonymous_2003)
FN:18,(anonymous_2004)
FN:18,(anonymous_2005)
FN:18,(anonymous_2006)
FN:18,(anonymous_2007)
FN:18,(anonymous_2008)
FN:18,(anonymous_2009)
FN:18,(anonymous_2010)
FN:18,(anonymous_2011)
FN:18,(anonymous_2012)
FN:18,(anonymous_2013)
FN:18,(anonymous_2014)
FN:18,(anonymous_2015)
FN:18,(anonymous_2016)
FN:18,(anonymous_2017)
FN:18,(anonymous_2018)
FN:18,(anonymous_2019)
FN:18,(anonymous_2020)
FN:18,(anonymous_2021)
FN:18,(anonymous_2022)
FN:18,(anonymous_2023)
FN:18,(anonymous_2024)
FN:18,(anonymous_2025)
FN:18,(anonymous_2026)
FN:18,(anonymous_2027)
FN:18,(anonymous_2028)
FN:18,(anonymous_2029)
FN:18,(anonymous_2030)
FN:18,(anonymous_2031)
FN:18,(anonymous_2032)
FN:18,(anonymous_2033)
FN:18,(anonymous_2034)
FN:18,(anonymous_2035)
FN:18,(anonymous_2036)
FN:18,(anonymous_2037)
FN:18,(anonymous_2038)
FN:18,(anonymous_2039)
FN:18,(anonymous_2040)
FN:18,(anonymous_2041)
FN:18,r
FN:18,(anonymous_2043)
FN:18,(anonymous_2044)
FN:18,(anonymous_2045)
FN:18,(anonymous_2046)
FN:18,(anonymous_2047)
FN:18,(anonymous_2048)
FN:18,(anonymous_2049)
FN:18,(anonymous_2050)
FN:18,(anonymous_2051)
FN:18,(anonymous_2052)
FN:18,(anonymous_2053)
FN:18,(anonymous_2054)
FN:18,(anonymous_2055)
FN:18,(anonymous_2056)
FN:18,(anonymous_2057)
FN:18,(anonymous_2058)
FN:18,(anonymous_2059)
FN:18,(anonymous_2060)
FN:18,(anonymous_2061)
FN:18,(anonymous_2062)
FN:18,(anonymous_2063)
FN:18,(anonymous_2064)
FN:18,(anonymous_2065)
FN:18,(anonymous_2066)
FN:18,(anonymous_2067)
FN:18,(anonymous_2068)
FN:18,(anonymous_2069)
FN:18,(anonymous_2070)
FN:18,(anonymous_2071)
FN:18,(anonymous_2072)
FN:18,(anonymous_2073)
FN:18,(anonymous_2074)
FN:18,(anonymous_2075)
FN:18,(anonymous_2076)
FN:18,(anonymous_2077)
FN:18,(anonymous_2078)
FN:18,(anonymous_2079)
FN:18,(anonymous_2080)
FN:18,(anonymous_2081)
FN:18,(anonymous_2082)
FN:18,(anonymous_2083)
FN:18,(anonymous_2084)
FN:18,(anonymous_2085)
FN:18,(anonymous_2086)
FN:18,(anonymous_2087)
FN:18,(anonymous_2088)
FN:18,(anonymous_2089)
FN:18,(anonymous_2090)
FN:18,j
FN:18,(anonymous_2092)
FN:18,(anonymous_2093)
FN:18,(anonymous_2094)
FN:18,(anonymous_2095)
FN:18,(anonymous_2096)
FN:18,(anonymous_2097)
FN:18,(anonymous_2098)
FN:18,(anonymous_2099)
FN:18,T
FN:18,(anonymous_2101)
FN:18,(anonymous_2102)
FN:18,(anonymous_2103)
FN:18,(anonymous_2104)
FN:18,(anonymous_2105)
FN:18,(anonymous_2106)
FN:18,(anonymous_2107)
FN:18,(anonymous_2108)
FN:18,(anonymous_2109)
FN:18,(anonymous_2110)
FN:18,(anonymous_2111)
FN:18,(anonymous_2112)
FN:18,(anonymous_2113)
FN:18,(anonymous_2114)
FN:18,(anonymous_2115)
FN:18,(anonymous_2116)
FN:18,(anonymous_2117)
FN:18,(anonymous_2118)
FN:18,(anonymous_2119)
FN:18,(anonymous_2120)
FN:18,(anonymous_2121)
FN:18,(anonymous_2122)
FN:18,(anonymous_2123)
FN:18,(anonymous_2124)
FN:18,(anonymous_2125)
FN:18,(anonymous_2126)
FN:18,(anonymous_2127)
FN:18,(anonymous_2128)
FN:18,(anonymous_2129)
FN:18,(anonymous_2130)
FN:18,(anonymous_2131)
FN:18,(anonymous_2132)
FN:18,(anonymous_2133)
FN:18,(anonymous_2134)
FN:18,(anonymous_2135)
FN:18,(anonymous_2136)
FN:18,(anonymous_2137)
FN:18,(anonymous_2138)
FN:18,(anonymous_2139)
FN:18,(anonymous_2140)
FN:18,(anonymous_2141)
FN:18,(anonymous_2142)
FN:18,(anonymous_2143)
FN:18,(anonymous_2144)
FN:18,(anonymous_2145)
FN:18,(anonymous_2146)
FN:18,(anonymous_2147)
FN:18,(anonymous_2148)
FN:18,(anonymous_2149)
FN:18,(anonymous_2150)
FN:18,N
FN:18,R
FN:18,(anonymous_2153)
FN:18,(anonymous_2154)
FN:18,F
FN:18,z
FN:18,(anonymous_2157)
FN:18,H
FN:18,(anonymous_2159)
FN:18,(anonymous_2160)
FN:18,(anonymous_2161)
FN:18,(anonymous_2162)
FN:18,(anonymous_2163)
FN:18,(anonymous_2164)
FN:18,(anonymous_2165)
FN:18,(anonymous_2166)
FN:18,(anonymous_2167)
FN:18,(anonymous_2168)
FN:18,(anonymous_2169)
FN:18,(anonymous_2170)
FN:18,(anonymous_2171)
FN:18,(anonymous_2172)
FN:18,(anonymous_2173)
FN:18,(anonymous_2174)
FN:18,(anonymous_2175)
FN:18,(anonymous_2176)
FN:18,(anonymous_2177)
FN:18,(anonymous_2178)
FN:18,(anonymous_2179)
FN:18,(anonymous_2180)
FN:18,(anonymous_2181)
FN:18,(anonymous_2182)
FN:18,(anonymous_2183)
FN:18,(anonymous_2184)
FN:18,(anonymous_2185)
FN:18,(anonymous_2186)
FN:18,(anonymous_2187)
FN:18,(anonymous_2188)
FN:18,(anonymous_2189)
FN:18,(anonymous_2190)
FN:18,(anonymous_2191)
FN:18,(anonymous_2192)
FN:18,(anonymous_2193)
FN:18,(anonymous_2194)
FN:18,(anonymous_2195)
FN:18,(anonymous_2196)
FN:18,(anonymous_2197)
FN:18,(anonymous_2198)
FN:18,(anonymous_2199)
FN:18,(anonymous_2200)
FN:18,(anonymous_2201)
FN:18,(anonymous_2202)
FN:18,(anonymous_2203)
FN:18,(anonymous_2204)
FN:18,(anonymous_2205)
FN:18,(anonymous_2206)
FN:18,(anonymous_2207)
FN:18,(anonymous_2208)
FN:18,(anonymous_2209)
FN:18,(anonymous_2210)
FN:18,(anonymous_2211)
FN:18,(anonymous_2212)
FN:18,(anonymous_2213)
FN:18,(anonymous_2214)
FN:18,(anonymous_2215)
FN:18,(anonymous_2216)
FN:18,(anonymous_2217)
FN:18,(anonymous_2218)
FN:18,(anonymous_2219)
FN:18,(anonymous_2220)
FN:18,(anonymous_2221)
FN:18,(anonymous_2222)
FN:18,(anonymous_2223)
FN:18,(anonymous_2224)
FN:18,(anonymous_2225)
FN:18,(anonymous_2226)
FN:18,(anonymous_2227)
FN:18,(anonymous_2228)
FN:18,(anonymous_2229)
FN:18,(anonymous_2230)
FN:18,(anonymous_2231)
FN:18,(anonymous_2232)
FN:18,(anonymous_2233)
FN:18,(anonymous_2234)
FN:18,(anonymous_2235)
FN:18,(anonymous_2236)
FN:18,(anonymous_2237)
FN:18,(anonymous_2238)
FN:18,(anonymous_2239)
FN:18,(anonymous_2240)
FN:18,(anonymous_2241)
FN:18,(anonymous_2242)
FN:18,(anonymous_2243)
FN:18,(anonymous_2244)
FN:18,(anonymous_2245)
FN:18,(anonymous_2246)
FN:18,(anonymous_2247)
FN:18,(anonymous_2248)
FN:18,(anonymous_2249)
FN:18,(anonymous_2250)
FN:18,(anonymous_2251)
FN:18,(anonymous_2252)
FN:18,(anonymous_2253)
FN:18,(anonymous_2254)
FN:18,(anonymous_2255)
FN:18,(anonymous_2256)
FN:18,(anonymous_2257)
FN:18,(anonymous_2258)
FN:18,(anonymous_2259)
FN:18,(anonymous_2260)
FN:18,(anonymous_2261)
FN:18,(anonymous_2262)
FN:18,(anonymous_2263)
FN:18,(anonymous_2264)
FN:18,(anonymous_2265)
FN:18,(anonymous_2266)
FN:18,(anonymous_2267)
FN:18,(anonymous_2268)
FN:18,(anonymous_2269)
FN:18,(anonymous_2270)
FN:18,(anonymous_2271)
FN:18,(anonymous_2272)
FN:18,(anonymous_2273)
FN:18,(anonymous_2274)
FN:18,(anonymous_2275)
FN:18,(anonymous_2276)
FN:18,(anonymous_2277)
FN:18,(anonymous_2278)
FN:18,(anonymous_2279)
FN:18,(anonymous_2280)
FN:18,(anonymous_2281)
FN:18,(anonymous_2282)
FN:18,(anonymous_2283)
FN:18,(anonymous_2284)
FN:18,(anonymous_2285)
FN:18,(anonymous_2286)
FN:18,(anonymous_2287)
FN:18,(anonymous_2288)
FN:18,(anonymous_2289)
FN:18,(anonymous_2290)
FN:18,(anonymous_2291)
FN:18,(anonymous_2292)
FN:18,(anonymous_2293)
FN:18,(anonymous_2294)
FN:18,(anonymous_2295)
FN:18,(anonymous_2296)
FN:18,(anonymous_2297)
FN:18,(anonymous_2298)
FN:18,(anonymous_2299)
FN:18,(anonymous_2300)
FN:18,(anonymous_2301)
FN:18,(anonymous_2302)
FN:18,(anonymous_2303)
FN:18,(anonymous_2304)
FN:18,(anonymous_2305)
FN:18,(anonymous_2306)
FN:18,(anonymous_2307)
FN:18,(anonymous_2308)
FN:18,(anonymous_2309)
FN:18,(anonymous_2310)
FN:18,(anonymous_2311)
FN:18,(anonymous_2312)
FN:18,(anonymous_2313)
FN:18,(anonymous_2314)
FN:18,(anonymous_2315)
FN:18,(anonymous_2316)
FN:18,(anonymous_2317)
FN:18,(anonymous_2318)
FN:18,(anonymous_2319)
FN:18,(anonymous_2320)
FN:18,(anonymous_2321)
FN:18,(anonymous_2322)
FN:18,(anonymous_2323)
FN:18,(anonymous_2324)
FN:18,(anonymous_2325)
FN:18,(anonymous_2326)
FN:18,(anonymous_2327)
FN:18,(anonymous_2328)
FN:18,(anonymous_2329)
FN:18,(anonymous_2330)
FN:18,(anonymous_2331)
FN:18,(anonymous_2332)
FN:18,(anonymous_2333)
FN:18,(anonymous_2334)
FN:18,i
FN:18,r
FN:18,(anonymous_2337)
FN:18,(anonymous_2338)
FN:18,(anonymous_2339)
FN:18,(anonymous_2340)
FN:18,(anonymous_2341)
FN:18,(anonymous_2342)
FN:18,(anonymous_2343)
FN:18,(anonymous_2344)
FN:18,(anonymous_2345)
FN:18,(anonymous_2346)
FN:18,(anonymous_2347)
FN:18,(anonymous_2348)
FN:18,(anonymous_2349)
FN:18,(anonymous_2350)
FN:18,(anonymous_2351)
FN:18,(anonymous_2352)
FN:18,(anonymous_2353)
FN:18,(anonymous_2354)
FN:18,(anonymous_2355)
FN:18,(anonymous_2356)
FN:18,(anonymous_2357)
FN:18,(anonymous_2358)
FN:18,(anonymous_2359)
FN:18,(anonymous_2360)
FN:18,(anonymous_2361)
FN:18,(anonymous_2362)
FN:18,(anonymous_2363)
FN:18,(anonymous_2364)
FN:18,(anonymous_2365)
FN:18,(anonymous_2366)
FN:18,(anonymous_2367)
FN:18,(anonymous_2368)
FN:18,(anonymous_2369)
FN:18,(anonymous_2370)
FN:18,(anonymous_2371)
FN:18,(anonymous_2372)
FN:18,(anonymous_2373)
FN:18,(anonymous_2374)
FN:18,(anonymous_2375)
FN:18,(anonymous_2376)
FN:18,(anonymous_2377)
FN:18,(anonymous_2378)
FN:18,(anonymous_2379)
FN:18,(anonymous_2380)
FN:18,(anonymous_2381)
FN:18,(anonymous_2382)
FN:18,(anonymous_2383)
FN:18,(anonymous_2384)
FN:18,(anonymous_2385)
FN:18,(anonymous_2386)
FN:18,(anonymous_2387)
FN:18,(anonymous_2388)
FN:18,(anonymous_2389)
FN:18,(anonymous_2390)
FN:18,(anonymous_2391)
FN:18,(anonymous_2392)
FN:18,(anonymous_2393)
FN:18,(anonymous_2394)
FN:18,(anonymous_2395)
FN:18,(anonymous_2396)
FN:18,(anonymous_2397)
FN:18,(anonymous_2398)
FN:18,(anonymous_2399)
FN:18,(anonymous_2400)
FN:18,(anonymous_2401)
FN:18,(anonymous_2402)
FN:18,(anonymous_2403)
FN:18,(anonymous_2404)
FN:18,(anonymous_2405)
FN:18,(anonymous_2406)
FN:18,(anonymous_2407)
FN:18,(anonymous_2408)
FN:18,(anonymous_2409)
FN:18,(anonymous_2410)
FN:18,(anonymous_2411)
FN:18,(anonymous_2412)
FN:18,(anonymous_2413)
FN:18,(anonymous_2414)
FN:18,(anonymous_2415)
FN:18,(anonymous_2416)
FN:18,(anonymous_2417)
FN:18,(anonymous_2418)
FN:18,(anonymous_2419)
FN:18,(anonymous_2420)
FN:18,(anonymous_2421)
FN:18,(anonymous_2422)
FN:18,(anonymous_2423)
FN:18,(anonymous_2424)
FN:18,(anonymous_2425)
FN:18,(anonymous_2426)
FN:18,(anonymous_2427)
FN:18,(anonymous_2428)
FN:18,(anonymous_2429)
FN:18,(anonymous_2430)
FN:18,(anonymous_2431)
FN:18,i
FN:18,(anonymous_2433)
FN:18,(anonymous_2434)
FN:18,(anonymous_2435)
FN:18,(anonymous_2436)
FN:18,(anonymous_2437)
FN:18,(anonymous_2438)
FN:18,(anonymous_2439)
FN:18,(anonymous_2440)
FN:18,(anonymous_2441)
FN:18,(anonymous_2442)
FN:18,(anonymous_2443)
FN:18,(anonymous_2444)
FN:18,(anonymous_2445)
FN:18,(anonymous_2446)
FN:18,(anonymous_2447)
FN:18,(anonymous_2448)
FN:18,(anonymous_2449)
FN:18,(anonymous_2450)
FN:18,(anonymous_2451)
FN:18,(anonymous_2452)
FN:18,r
FN:18,o
FN:18,a
FN:18,s
FN:18,c
FN:18,(anonymous_2458)
FN:18,(anonymous_2459)
FN:18,f
FN:18,h
FN:18,(anonymous_2462)
FN:18,(anonymous_2463)
FN:18,(anonymous_2464)
FN:18,c
FN:18,u
FN:18,l
FN:18,f
FN:18,h
FN:18,(anonymous_2470)
FN:18,(anonymous_2471)
FN:18,(anonymous_2472)
FN:18,(anonymous_2473)
FN:18,(anonymous_2474)
FN:18,(anonymous_2475)
FN:18,(anonymous_2476)
FN:18,(anonymous_2477)
FN:18,(anonymous_2478)
FN:18,(anonymous_2479)
FN:18,(anonymous_2480)
FN:18,(anonymous_2481)
FN:18,(anonymous_2482)
FN:18,(anonymous_2483)
FN:18,(anonymous_2484)
FN:18,(anonymous_2485)
FN:18,(anonymous_2486)
FN:18,(anonymous_2487)
FN:18,i
FN:18,r
FN:18,(anonymous_2490)
FN:18,(anonymous_2491)
FN:18,(anonymous_2492)
FN:18,(anonymous_2493)
FN:18,i
FN:18,(anonymous_2495)
FN:18,(anonymous_2496)
FN:18,(anonymous_2497)
FN:18,(anonymous_2498)
FN:18,(anonymous_2499)
FN:18,(anonymous_2500)
FN:18,(anonymous_2501)
FN:18,(anonymous_2502)
FN:18,(anonymous_2503)
FN:18,(anonymous_2504)
FN:18,(anonymous_2505)
FN:18,(anonymous_2506)
FN:18,(anonymous_2507)
FN:18,t
FN:18,(anonymous_2509)
FN:18,(anonymous_2510)
FN:18,(anonymous_2511)
FN:18,(anonymous_2512)
FN:18,(anonymous_2513)
FN:18,(anonymous_2514)
FN:18,(anonymous_2515)
FN:18,(anonymous_2516)
FN:18,(anonymous_2517)
FN:18,(anonymous_2518)
FN:18,(anonymous_2519)
FN:18,(anonymous_2520)
FN:18,(anonymous_2521)
FN:18,(anonymous_2522)
FN:18,(anonymous_2523)
FN:18,(anonymous_2524)
FN:18,(anonymous_2525)
FN:18,(anonymous_2526)
FN:18,(anonymous_2527)
FN:18,(anonymous_2528)
FN:18,(anonymous_2529)
FN:18,(anonymous_2530)
FN:18,(anonymous_2531)
FN:18,(anonymous_2532)
FN:18,(anonymous_2533)
FN:18,(anonymous_2534)
FN:18,(anonymous_2535)
FN:18,(anonymous_2536)
FN:18,(anonymous_2537)
FN:18,(anonymous_2538)
FN:18,(anonymous_2539)
FN:18,(anonymous_2540)
FN:18,(anonymous_2541)
FN:18,(anonymous_2542)
FN:18,(anonymous_2543)
FN:18,(anonymous_2544)
FN:18,(anonymous_2545)
FN:18,(anonymous_2546)
FN:18,(anonymous_2547)
FN:18,(anonymous_2548)
FN:18,(anonymous_2549)
FN:18,(anonymous_2550)
FN:18,(anonymous_2551)
FN:18,(anonymous_2552)
FN:18,(anonymous_2553)
FN:18,(anonymous_2554)
FN:18,(anonymous_2555)
FN:18,(anonymous_2556)
FN:18,(anonymous_2557)
FN:18,(anonymous_2558)
FN:18,(anonymous_2559)
FN:18,(anonymous_2560)
FN:18,(anonymous_2561)
FN:18,(anonymous_2562)
FN:18,(anonymous_2563)
FN:18,(anonymous_2564)
FN:18,(anonymous_2565)
FN:18,(anonymous_2566)
FN:18,(anonymous_2567)
FN:18,(anonymous_2568)
FN:18,(anonymous_2569)
FN:18,(anonymous_2570)
FN:18,(anonymous_2571)
FN:18,(anonymous_2572)
FN:18,(anonymous_2573)
FN:18,(anonymous_2574)
FN:18,(anonymous_2575)
FN:18,(anonymous_2576)
FN:18,(anonymous_2577)
FN:18,(anonymous_2578)
FN:18,(anonymous_2579)
FN:18,(anonymous_2580)
FN:18,(anonymous_2581)
FN:18,(anonymous_2582)
FN:18,(anonymous_2583)
FN:18,o
FN:18,(anonymous_2585)
FN:18,(anonymous_2586)
FN:18,(anonymous_2587)
FN:18,(anonymous_2588)
FN:18,(anonymous_2589)
FN:18,s
FN:18,e
FN:18,(anonymous_2592)
FN:18,(anonymous_2593)
FN:18,(anonymous_2594)
FN:18,(anonymous_2595)
FN:18,n
FN:18,(anonymous_2597)
FN:18,n
FN:18,(anonymous_2599)
FN:18,(anonymous_2600)
FN:18,(anonymous_2601)
FN:18,(anonymous_2602)
FN:18,(anonymous_2603)
FN:18,n
FN:18,(anonymous_2605)
FN:18,(anonymous_2606)
FN:18,(anonymous_2607)
FN:18,(anonymous_2608)
FN:18,(anonymous_2609)
FN:18,L
FN:18,(anonymous_2611)
FN:18,n
FN:18,D
FN:18,(anonymous_2614)
FN:18,n
FN:18,(anonymous_2616)
FN:18,(anonymous_2617)
FN:18,(anonymous_2618)
FN:18,(anonymous_2619)
FN:18,(anonymous_2620)
FN:18,(anonymous_2621)
FN:18,(anonymous_2622)
FN:18,G
FN:18,Y
FN:18,X
FN:18,(anonymous_2626)
FN:18,(anonymous_2627)
FN:18,(anonymous_2628)
FN:18,(anonymous_2629)
FN:18,nt
FN:18,it
FN:18,rt
FN:18,ot
FN:18,(anonymous_2634)
FN:18,n
FN:18,(anonymous_2636)
FN:18,(anonymous_2637)
FN:18,(anonymous_2638)
FN:18,(anonymous_2639)
FN:18,(anonymous_2640)
FN:18,(anonymous_2641)
FN:18,(anonymous_2642)
FN:18,(anonymous_2643)
FN:18,(anonymous_2644)
FN:18,(anonymous_2645)
FN:18,(anonymous_2646)
FN:18,(anonymous_2647)
FN:18,(anonymous_2648)
FN:18,(anonymous_2649)
FN:18,(anonymous_2650)
FN:18,(anonymous_2651)
FN:18,(anonymous_2652)
FN:18,(anonymous_2653)
FN:18,(anonymous_2654)
FN:18,(anonymous_2655)
FN:18,(anonymous_2656)
FN:18,(anonymous_2657)
FN:18,(anonymous_2658)
FN:18,(anonymous_2659)
FN:18,(anonymous_2660)
FN:18,(anonymous_2661)
FN:18,t
FN:18,(anonymous_2663)
FN:18,(anonymous_2664)
FN:18,(anonymous_2665)
FN:18,(anonymous_2666)
FN:18,(anonymous_2667)
FN:18,(anonymous_2668)
FN:18,(anonymous_2669)
FN:18,(anonymous_2670)
FN:18,(anonymous_2671)
FN:18,(anonymous_2672)
FN:18,(anonymous_2673)
FN:18,(anonymous_2674)
FN:18,(anonymous_2675)
FN:18,(anonymous_2676)
FN:18,(anonymous_2677)
FN:18,(anonymous_2678)
FN:18,(anonymous_2679)
FN:18,(anonymous_2680)
FN:18,(anonymous_2681)
FN:18,(anonymous_2682)
FN:18,(anonymous_2683)
FN:18,(anonymous_2684)
FN:18,(anonymous_2685)
FN:18,(anonymous_2686)
FN:18,a
FN:18,(anonymous_2688)
FN:18,(anonymous_2689)
FN:18,(anonymous_2690)
FN:18,(anonymous_2691)
FN:18,t
FN:18,(anonymous_2693)
FNF:2694
FNH:0
FNDA:0,(anonymous_0)
FNDA:0,(anonymous_1)
FNDA:0,(anonymous_2)
FNDA:0,(anonymous_3)
FNDA:0,(anonymous_4)
FNDA:0,(anonymous_5)
FNDA:0,(anonymous_6)
FNDA:0,(anonymous_7)
FNDA:0,(anonymous_8)
FNDA:0,(anonymous_9)
FNDA:0,(anonymous_10)
FNDA:0,(anonymous_11)
FNDA:0,(anonymous_12)
FNDA:0,(anonymous_13)
FNDA:0,(anonymous_14)
FNDA:0,(anonymous_15)
FNDA:0,(anonymous_16)
FNDA:0,(anonymous_17)
FNDA:0,(anonymous_18)
FNDA:0,(anonymous_19)
FNDA:0,r
FNDA:0,(anonymous_21)
FNDA:0,(anonymous_22)
FNDA:0,(anonymous_23)
FNDA:0,(anonymous_24)
FNDA:0,(anonymous_25)
FNDA:0,(anonymous_26)
FNDA:0,(anonymous_27)
FNDA:0,o
FNDA:0,a
FNDA:0,(anonymous_30)
FNDA:0,(anonymous_31)
FNDA:0,(anonymous_32)
FNDA:0,(anonymous_33)
FNDA:0,(anonymous_34)
FNDA:0,(anonymous_35)
FNDA:0,s
FNDA:0,(anonymous_37)
FNDA:0,(anonymous_38)
FNDA:0,(anonymous_39)
FNDA:0,(anonymous_40)
FNDA:0,(anonymous_41)
FNDA:0,(anonymous_42)
FNDA:0,(anonymous_43)
FNDA:0,r
FNDA:0,o
FNDA:0,(anonymous_46)
FNDA:0,(anonymous_47)
FNDA:0,(anonymous_48)
FNDA:0,(anonymous_49)
FNDA:0,(anonymous_50)
FNDA:0,(anonymous_51)
FNDA:0,(anonymous_52)
FNDA:0,(anonymous_53)
FNDA:0,(anonymous_54)
FNDA:0,(anonymous_55)
FNDA:0,(anonymous_56)
FNDA:0,(anonymous_57)
FNDA:0,l
FNDA:0,(anonymous_59)
FNDA:0,(anonymous_60)
FNDA:0,(anonymous_61)
FNDA:0,(anonymous_62)
FNDA:0,(anonymous_63)
FNDA:0,(anonymous_64)
FNDA:0,(anonymous_65)
FNDA:0,y
FNDA:0,(anonymous_67)
FNDA:0,(anonymous_68)
FNDA:0,(anonymous_69)
FNDA:0,(anonymous_70)
FNDA:0,(anonymous_71)
FNDA:0,(anonymous_72)
FNDA:0,(anonymous_73)
FNDA:0,(anonymous_74)
FNDA:0,(anonymous_75)
FNDA:0,(anonymous_76)
FNDA:0,(anonymous_77)
FNDA:0,(anonymous_78)
FNDA:0,(anonymous_79)
FNDA:0,(anonymous_80)
FNDA:0,(anonymous_81)
FNDA:0,(anonymous_82)
FNDA:0,(anonymous_83)
FNDA:0,(anonymous_84)
FNDA:0,h
FNDA:0,(anonymous_86)
FNDA:0,d
FNDA:0,(anonymous_88)
FNDA:0,(anonymous_89)
FNDA:0,(anonymous_90)
FNDA:0,(anonymous_91)
FNDA:0,(anonymous_92)
FNDA:0,(anonymous_93)
FNDA:0,(anonymous_94)
FNDA:0,(anonymous_95)
FNDA:0,(anonymous_96)
FNDA:0,(anonymous_97)
FNDA:0,(anonymous_98)
FNDA:0,(anonymous_99)
FNDA:0,(anonymous_100)
FNDA:0,(anonymous_101)
FNDA:0,(anonymous_102)
FNDA:0,(anonymous_103)
FNDA:0,(anonymous_104)
FNDA:0,(anonymous_105)
FNDA:0,(anonymous_106)
FNDA:0,(anonymous_107)
FNDA:0,i
FNDA:0,r
FNDA:0,(anonymous_110)
FNDA:0,(anonymous_111)
FNDA:0,(anonymous_112)
FNDA:0,(anonymous_113)
FNDA:0,(anonymous_114)
FNDA:0,(anonymous_115)
FNDA:0,(anonymous_116)
FNDA:0,(anonymous_117)
FNDA:0,(anonymous_118)
FNDA:0,(anonymous_119)
FNDA:0,(anonymous_120)
FNDA:0,(anonymous_121)
FNDA:0,(anonymous_122)
FNDA:0,(anonymous_123)
FNDA:0,(anonymous_124)
FNDA:0,(anonymous_125)
FNDA:0,(anonymous_126)
FNDA:0,(anonymous_127)
FNDA:0,(anonymous_128)
FNDA:0,(anonymous_129)
FNDA:0,(anonymous_130)
FNDA:0,(anonymous_131)
FNDA:0,(anonymous_132)
FNDA:0,(anonymous_133)
FNDA:0,(anonymous_134)
FNDA:0,(anonymous_135)
FNDA:0,(anonymous_136)
FNDA:0,(anonymous_137)
FNDA:0,(anonymous_138)
FNDA:0,(anonymous_139)
FNDA:0,(anonymous_140)
FNDA:0,(anonymous_141)
FNDA:0,(anonymous_142)
FNDA:0,(anonymous_143)
FNDA:0,(anonymous_144)
FNDA:0,(anonymous_145)
FNDA:0,(anonymous_146)
FNDA:0,(anonymous_147)
FNDA:0,(anonymous_148)
FNDA:0,(anonymous_149)
FNDA:0,(anonymous_150)
FNDA:0,(anonymous_151)
FNDA:0,(anonymous_152)
FNDA:0,(anonymous_153)
FNDA:0,(anonymous_154)
FNDA:0,(anonymous_155)
FNDA:0,(anonymous_156)
FNDA:0,(anonymous_157)
FNDA:0,(anonymous_158)
FNDA:0,(anonymous_159)
FNDA:0,(anonymous_160)
FNDA:0,(anonymous_161)
FNDA:0,(anonymous_162)
FNDA:0,(anonymous_163)
FNDA:0,(anonymous_164)
FNDA:0,(anonymous_165)
FNDA:0,(anonymous_166)
FNDA:0,(anonymous_167)
FNDA:0,(anonymous_168)
FNDA:0,(anonymous_169)
FNDA:0,(anonymous_170)
FNDA:0,(anonymous_171)
FNDA:0,(anonymous_172)
FNDA:0,(anonymous_173)
FNDA:0,(anonymous_174)
FNDA:0,i
FNDA:0,(anonymous_176)
FNDA:0,r
FNDA:0,(anonymous_178)
FNDA:0,(anonymous_179)
FNDA:0,i
FNDA:0,(anonymous_181)
FNDA:0,(anonymous_182)
FNDA:0,(anonymous_183)
FNDA:0,(anonymous_184)
FNDA:0,(anonymous_185)
FNDA:0,(anonymous_186)
FNDA:0,r
FNDA:0,o
FNDA:0,s
FNDA:0,c
FNDA:0,(anonymous_191)
FNDA:0,(anonymous_192)
FNDA:0,(anonymous_193)
FNDA:0,(anonymous_194)
FNDA:0,i
FNDA:0,r
FNDA:0,o
FNDA:0,a
FNDA:0,s
FNDA:0,c
FNDA:0,l
FNDA:0,f
FNDA:0,h
FNDA:0,d
FNDA:0,p
FNDA:0,v
FNDA:0,m
FNDA:0,(anonymous_208)
FNDA:0,(anonymous_209)
FNDA:0,b
FNDA:0,x
FNDA:0,w
FNDA:0,(anonymous_213)
FNDA:0,(anonymous_214)
FNDA:0,(anonymous_215)
FNDA:0,(anonymous_216)
FNDA:0,(anonymous_217)
FNDA:0,j
FNDA:0,n
FNDA:0,$
FNDA:0,E
FNDA:0,L
FNDA:0,T
FNDA:0,I
FNDA:0,(anonymous_225)
FNDA:0,(anonymous_226)
FNDA:0,P
FNDA:0,(anonymous_228)
FNDA:0,(anonymous_229)
FNDA:0,D
FNDA:0,V
FNDA:0,(anonymous_232)
FNDA:0,W
FNDA:0,U
FNDA:0,G
FNDA:0,(anonymous_236)
FNDA:0,(anonymous_237)
FNDA:0,(anonymous_238)
FNDA:0,lt
FNDA:0,(anonymous_240)
FNDA:0,t
FNDA:0,(anonymous_242)
FNDA:0,(anonymous_243)
FNDA:0,(anonymous_244)
FNDA:0,(anonymous_245)
FNDA:0,(anonymous_246)
FNDA:0,(anonymous_247)
FNDA:0,(anonymous_248)
FNDA:0,(anonymous_249)
FNDA:0,gt
FNDA:0,bt
FNDA:0,(anonymous_252)
FNDA:0,(anonymous_253)
FNDA:0,(anonymous_254)
FNDA:0,Ot
FNDA:0,_t
FNDA:0,(anonymous_257)
FNDA:0,(anonymous_258)
FNDA:0,At
FNDA:0,(anonymous_260)
FNDA:0,Lt
FNDA:0,Tt
FNDA:0,It
FNDA:0,Mt
FNDA:0,(anonymous_265)
FNDA:0,(anonymous_266)
FNDA:0,Bt
FNDA:0,Pt
FNDA:0,Dt
FNDA:0,(anonymous_270)
FNDA:0,(anonymous_271)
FNDA:0,Nt
FNDA:0,Rt
FNDA:0,(anonymous_274)
FNDA:0,(anonymous_275)
FNDA:0,Ft
FNDA:0,zt
FNDA:0,Ht
FNDA:0,(anonymous_279)
FNDA:0,(anonymous_280)
FNDA:0,(anonymous_281)
FNDA:0,(anonymous_282)
FNDA:0,(anonymous_283)
FNDA:0,(anonymous_284)
FNDA:0,Ut
FNDA:0,qt
FNDA:0,Gt
FNDA:0,Yt
FNDA:0,s
FNDA:0,Zt
FNDA:0,Kt
FNDA:0,Xt
FNDA:0,Qt
FNDA:0,te
FNDA:0,ee
FNDA:0,ne
FNDA:0,ie
FNDA:0,(anonymous_298)
FNDA:0,re
FNDA:0,oe
FNDA:0,le
FNDA:0,(anonymous_302)
FNDA:0,(anonymous_303)
FNDA:0,(anonymous_304)
FNDA:0,(anonymous_305)
FNDA:0,ve
FNDA:0,(anonymous_307)
FNDA:0,(anonymous_308)
FNDA:0,ge
FNDA:0,be
FNDA:0,(anonymous_311)
FNDA:0,xe
FNDA:0,n
FNDA:0,we
FNDA:0,Oe
FNDA:0,c
FNDA:0,_e
FNDA:0,Se
FNDA:0,Ce
FNDA:0,ke
FNDA:0,je
FNDA:0,$e
FNDA:0,Ae
FNDA:0,Ee
FNDA:0,(anonymous_325)
FNDA:0,Le
FNDA:0,Te
FNDA:0,Ie
FNDA:0,Me
FNDA:0,Be
FNDA:0,Pe
FNDA:0,(anonymous_332)
FNDA:0,De
FNDA:0,(anonymous_334)
FNDA:0,Ve
FNDA:0,Ne
FNDA:0,Re
FNDA:0,Fe
FNDA:0,ze
FNDA:0,He
FNDA:0,(anonymous_341)
FNDA:0,(anonymous_342)
FNDA:0,We
FNDA:0,Ue
FNDA:0,qe
FNDA:0,Ge
FNDA:0,Ye
FNDA:0,Ze
FNDA:0,Ke
FNDA:0,Xe
FNDA:0,Je
FNDA:0,Qe
FNDA:0,(anonymous_353)
FNDA:0,(anonymous_354)
FNDA:0,(anonymous_355)
FNDA:0,(anonymous_356)
FNDA:0,tn
FNDA:0,en
FNDA:0,nn
FNDA:0,(anonymous_360)
FNDA:0,(anonymous_361)
FNDA:0,(anonymous_362)
FNDA:0,(anonymous_363)
FNDA:0,an
FNDA:0,sn
FNDA:0,cn
FNDA:0,un
FNDA:0,(anonymous_368)
FNDA:0,ln
FNDA:0,dn
FNDA:0,pn
FNDA:0,vn
FNDA:0,mn
FNDA:0,gn
FNDA:0,(anonymous_375)
FNDA:0,(anonymous_376)
FNDA:0,xn
FNDA:0,(anonymous_378)
FNDA:0,(anonymous_379)
FNDA:0,wn
FNDA:0,On
FNDA:0,_n
FNDA:0,(anonymous_383)
FNDA:0,(anonymous_384)
FNDA:0,(anonymous_385)
FNDA:0,(anonymous_386)
FNDA:0,(anonymous_387)
FNDA:0,(anonymous_388)
FNDA:0,Sn
FNDA:0,Cn
FNDA:0,kn
FNDA:0,jn
FNDA:0,$n
FNDA:0,i
FNDA:0,An
FNDA:0,En
FNDA:0,(anonymous_397)
FNDA:0,(anonymous_398)
FNDA:0,i
FNDA:0,(anonymous_400)
FNDA:0,(anonymous_401)
FNDA:0,Tn
FNDA:0,(anonymous_403)
FNDA:0,In
FNDA:0,Mn
FNDA:0,(anonymous_406)
FNDA:0,(anonymous_407)
FNDA:0,(anonymous_408)
FNDA:0,Bn
FNDA:0,(anonymous_410)
FNDA:0,(anonymous_411)
FNDA:0,Pn
FNDA:0,Dn
FNDA:0,Vn
FNDA:0,Nn
FNDA:0,Rn
FNDA:0,Gn
FNDA:0,(anonymous_418)
FNDA:0,Xn
FNDA:0,(anonymous_420)
FNDA:0,Jn
FNDA:0,Qn
FNDA:0,ti
FNDA:0,ei
FNDA:0,(anonymous_425)
FNDA:0,(anonymous_426)
FNDA:0,(anonymous_427)
FNDA:0,(anonymous_428)
FNDA:0,(anonymous_429)
FNDA:0,(anonymous_430)
FNDA:0,(anonymous_431)
FNDA:0,(anonymous_432)
FNDA:0,(anonymous_433)
FNDA:0,oi
FNDA:0,(anonymous_435)
FNDA:0,(anonymous_436)
FNDA:0,ai
FNDA:0,si
FNDA:0,(anonymous_439)
FNDA:0,ci
FNDA:0,ui
FNDA:0,fi
FNDA:0,hi
FNDA:0,di
FNDA:0,(anonymous_445)
FNDA:0,pi
FNDA:0,(anonymous_447)
FNDA:0,vi
FNDA:0,mi
FNDA:0,gi
FNDA:0,bi
FNDA:0,(anonymous_452)
FNDA:0,(anonymous_453)
FNDA:0,(anonymous_454)
FNDA:0,(anonymous_455)
FNDA:0,xi
FNDA:0,(anonymous_457)
FNDA:0,wi
FNDA:0,Oi
FNDA:0,_i
FNDA:0,Si
FNDA:0,Ci
FNDA:0,(anonymous_463)
FNDA:0,ki
FNDA:0,(anonymous_465)
FNDA:0,ji
FNDA:0,(anonymous_467)
FNDA:0,(anonymous_468)
FNDA:0,(anonymous_469)
FNDA:0,$i
FNDA:0,Ai
FNDA:0,Ei
FNDA:0,(anonymous_473)
FNDA:0,(anonymous_474)
FNDA:0,Li
FNDA:0,Ti
FNDA:0,Ii
FNDA:0,Mi
FNDA:0,(anonymous_479)
FNDA:0,(anonymous_480)
FNDA:0,(anonymous_481)
FNDA:0,(anonymous_482)
FNDA:0,(anonymous_483)
FNDA:0,(anonymous_484)
FNDA:0,(anonymous_485)
FNDA:0,(anonymous_486)
FNDA:0,(anonymous_487)
FNDA:0,(anonymous_488)
FNDA:0,Vi
FNDA:0,(anonymous_490)
FNDA:0,(anonymous_491)
FNDA:0,(anonymous_492)
FNDA:0,(anonymous_493)
FNDA:0,(anonymous_494)
FNDA:0,(anonymous_495)
FNDA:0,(anonymous_496)
FNDA:0,(anonymous_497)
FNDA:0,(anonymous_498)
FNDA:0,Ki
FNDA:0,Xi
FNDA:0,Ji
FNDA:0,Qi
FNDA:0,tr
FNDA:0,er
FNDA:0,nr
FNDA:0,(anonymous_506)
FNDA:0,sr
FNDA:0,ur
FNDA:0,fr
FNDA:0,hr
FNDA:0,dr
FNDA:0,pr
FNDA:0,vr
FNDA:0,mr
FNDA:0,gr
FNDA:0,br
FNDA:0,yr
FNDA:0,xr
FNDA:0,wr
FNDA:0,Or
FNDA:0,_r
FNDA:0,(anonymous_522)
FNDA:0,(anonymous_523)
FNDA:0,(anonymous_524)
FNDA:0,kr
FNDA:0,Ar
FNDA:0,Er
FNDA:0,Lr
FNDA:0,Tr
FNDA:0,l
FNDA:0,f
FNDA:0,n
FNDA:0,h
FNDA:0,d
FNDA:0,p
FNDA:0,v
FNDA:0,g
FNDA:0,b
FNDA:0,y
FNDA:0,x
FNDA:0,w
FNDA:0,O
FNDA:0,_
FNDA:0,S
FNDA:0,C
FNDA:0,k
FNDA:0,j
FNDA:0,$
FNDA:0,A
FNDA:0,E
FNDA:0,T
FNDA:0,(anonymous_552)
FNDA:0,(anonymous_553)
FNDA:0,Mr
FNDA:0,Br
FNDA:0,(anonymous_556)
FNDA:0,(anonymous_557)
FNDA:0,Dr
FNDA:0,Vr
FNDA:0,Nr
FNDA:0,Fr
FNDA:0,zr
FNDA:0,Hr
FNDA:0,(anonymous_564)
FNDA:0,Ur
FNDA:0,Kr
FNDA:0,Xr
FNDA:0,r
FNDA:0,Qr
FNDA:0,(anonymous_570)
FNDA:0,to
FNDA:0,eo
FNDA:0,ro
FNDA:0,oo
FNDA:0,ao
FNDA:0,so
FNDA:0,(anonymous_577)
FNDA:0,(anonymous_578)
FNDA:0,lo
FNDA:0,fo
FNDA:0,ho
FNDA:0,(anonymous_582)
FNDA:0,(anonymous_583)
FNDA:0,xo
FNDA:0,_o
FNDA:0,(anonymous_586)
FNDA:0,So
FNDA:0,(anonymous_588)
FNDA:0,Co
FNDA:0,(anonymous_590)
FNDA:0,(anonymous_591)
FNDA:0,Bo
FNDA:0,(anonymous_593)
FNDA:0,Po
FNDA:0,Do
FNDA:0,Vo
FNDA:0,(anonymous_597)
FNDA:0,(anonymous_598)
FNDA:0,(anonymous_599)
FNDA:0,Ro
FNDA:0,Fo
FNDA:0,(anonymous_602)
FNDA:0,zo
FNDA:0,Ho
FNDA:0,(anonymous_605)
FNDA:0,(anonymous_606)
FNDA:0,(anonymous_607)
FNDA:0,Wo
FNDA:0,(anonymous_609)
FNDA:0,_
FNDA:0,(anonymous_611)
FNDA:0,Uo
FNDA:0,qo
FNDA:0,Go
FNDA:0,(anonymous_615)
FNDA:0,(anonymous_616)
FNDA:0,(anonymous_617)
FNDA:0,(anonymous_618)
FNDA:0,(anonymous_619)
FNDA:0,(anonymous_620)
FNDA:0,(anonymous_621)
FNDA:0,Qo
FNDA:0,(anonymous_623)
FNDA:0,ta
FNDA:0,ea
FNDA:0,(anonymous_626)
FNDA:0,na
FNDA:0,ia
FNDA:0,ra
FNDA:0,oa
FNDA:0,aa
FNDA:0,(anonymous_632)
FNDA:0,(anonymous_633)
FNDA:0,(anonymous_634)
FNDA:0,(anonymous_635)
FNDA:0,(anonymous_636)
FNDA:0,(anonymous_637)
FNDA:0,la
FNDA:0,fa
FNDA:0,ha
FNDA:0,da
FNDA:0,pa
FNDA:0,(anonymous_643)
FNDA:0,(anonymous_644)
FNDA:0,(anonymous_645)
FNDA:0,(anonymous_646)
FNDA:0,(anonymous_647)
FNDA:0,(anonymous_648)
FNDA:0,(anonymous_649)
FNDA:0,(anonymous_650)
FNDA:0,(anonymous_651)
FNDA:0,(anonymous_652)
FNDA:0,(anonymous_653)
FNDA:0,t
FNDA:0,(anonymous_655)
FNDA:0,(anonymous_656)
FNDA:0,xa
FNDA:0,wa
FNDA:0,Oa
FNDA:0,(anonymous_660)
FNDA:0,(anonymous_661)
FNDA:0,(anonymous_662)
FNDA:0,(anonymous_663)
FNDA:0,(anonymous_664)
FNDA:0,(anonymous_665)
FNDA:0,(anonymous_666)
FNDA:0,(anonymous_667)
FNDA:0,i
FNDA:0,(anonymous_669)
FNDA:0,r
FNDA:0,(anonymous_671)
FNDA:0,a
FNDA:0,(anonymous_673)
FNDA:0,(anonymous_674)
FNDA:0,(anonymous_675)
FNDA:0,(anonymous_676)
FNDA:0,(anonymous_677)
FNDA:0,(anonymous_678)
FNDA:0,(anonymous_679)
FNDA:0,(anonymous_680)
FNDA:0,(anonymous_681)
FNDA:0,(anonymous_682)
FNDA:0,(anonymous_683)
FNDA:0,(anonymous_684)
FNDA:0,(anonymous_685)
FNDA:0,(anonymous_686)
FNDA:0,(anonymous_687)
FNDA:0,(anonymous_688)
FNDA:0,(anonymous_689)
FNDA:0,(anonymous_690)
FNDA:0,i
FNDA:0,(anonymous_692)
FNDA:0,i
FNDA:0,(anonymous_694)
FNDA:0,(anonymous_695)
FNDA:0,(anonymous_696)
FNDA:0,(anonymous_697)
FNDA:0,a
FNDA:0,(anonymous_699)
FNDA:0,(anonymous_700)
FNDA:0,(anonymous_701)
FNDA:0,s
FNDA:0,c
FNDA:0,(anonymous_704)
FNDA:0,(anonymous_705)
FNDA:0,u
FNDA:0,(anonymous_707)
FNDA:0,l
FNDA:0,f
FNDA:0,h
FNDA:0,(anonymous_711)
FNDA:0,(anonymous_712)
FNDA:0,(anonymous_713)
FNDA:0,(anonymous_714)
FNDA:0,(anonymous_715)
FNDA:0,(anonymous_716)
FNDA:0,(anonymous_717)
FNDA:0,(anonymous_718)
FNDA:0,(anonymous_719)
FNDA:0,(anonymous_720)
FNDA:0,(anonymous_721)
FNDA:0,(anonymous_722)
FNDA:0,(anonymous_723)
FNDA:0,m
FNDA:0,(anonymous_725)
FNDA:0,(anonymous_726)
FNDA:0,(anonymous_727)
FNDA:0,(anonymous_728)
FNDA:0,(anonymous_729)
FNDA:0,(anonymous_730)
FNDA:0,(anonymous_731)
FNDA:0,(anonymous_732)
FNDA:0,(anonymous_733)
FNDA:0,(anonymous_734)
FNDA:0,(anonymous_735)
FNDA:0,(anonymous_736)
FNDA:0,(anonymous_737)
FNDA:0,x
FNDA:0,(anonymous_739)
FNDA:0,w
FNDA:0,O
FNDA:0,(anonymous_742)
FNDA:0,(anonymous_743)
FNDA:0,(anonymous_744)
FNDA:0,(anonymous_745)
FNDA:0,_
FNDA:0,(anonymous_747)
FNDA:0,(anonymous_748)
FNDA:0,(anonymous_749)
FNDA:0,(anonymous_750)
FNDA:0,(anonymous_751)
FNDA:0,S
FNDA:0,(anonymous_753)
FNDA:0,(anonymous_754)
FNDA:0,(anonymous_755)
FNDA:0,(anonymous_756)
FNDA:0,(anonymous_757)
FNDA:0,C
FNDA:0,(anonymous_759)
FNDA:0,(anonymous_760)
FNDA:0,k
FNDA:0,(anonymous_762)
FNDA:0,j
FNDA:0,(anonymous_764)
FNDA:0,(anonymous_765)
FNDA:0,$
FNDA:0,(anonymous_767)
FNDA:0,A
FNDA:0,(anonymous_769)
FNDA:0,(anonymous_770)
FNDA:0,E
FNDA:0,(anonymous_772)
FNDA:0,L
FNDA:0,T
FNDA:0,(anonymous_775)
FNDA:0,(anonymous_776)
FNDA:0,(anonymous_777)
FNDA:0,(anonymous_778)
FNDA:0,(anonymous_779)
FNDA:0,(anonymous_780)
FNDA:0,(anonymous_781)
FNDA:0,(anonymous_782)
FNDA:0,(anonymous_783)
FNDA:0,(anonymous_784)
FNDA:0,(anonymous_785)
FNDA:0,(anonymous_786)
FNDA:0,(anonymous_787)
FNDA:0,(anonymous_788)
FNDA:0,(anonymous_789)
FNDA:0,(anonymous_790)
FNDA:0,(anonymous_791)
FNDA:0,(anonymous_792)
FNDA:0,(anonymous_793)
FNDA:0,(anonymous_794)
FNDA:0,(anonymous_795)
FNDA:0,(anonymous_796)
FNDA:0,(anonymous_797)
FNDA:0,(anonymous_798)
FNDA:0,(anonymous_799)
FNDA:0,(anonymous_800)
FNDA:0,(anonymous_801)
FNDA:0,(anonymous_802)
FNDA:0,(anonymous_803)
FNDA:0,(anonymous_804)
FNDA:0,(anonymous_805)
FNDA:0,(anonymous_806)
FNDA:0,(anonymous_807)
FNDA:0,(anonymous_808)
FNDA:0,(anonymous_809)
FNDA:0,(anonymous_810)
FNDA:0,(anonymous_811)
FNDA:0,(anonymous_812)
FNDA:0,(anonymous_813)
FNDA:0,(anonymous_814)
FNDA:0,(anonymous_815)
FNDA:0,(anonymous_816)
FNDA:0,V
FNDA:0,(anonymous_818)
FNDA:0,(anonymous_819)
FNDA:0,N
FNDA:0,R
FNDA:0,(anonymous_822)
FNDA:0,F
FNDA:0,z
FNDA:0,(anonymous_825)
FNDA:0,(anonymous_826)
FNDA:0,(anonymous_827)
FNDA:0,(anonymous_828)
FNDA:0,(anonymous_829)
FNDA:0,(anonymous_830)
FNDA:0,(anonymous_831)
FNDA:0,(anonymous_832)
FNDA:0,H
FNDA:0,W
FNDA:0,U
FNDA:0,q
FNDA:0,G
FNDA:0,(anonymous_838)
FNDA:0,(anonymous_839)
FNDA:0,(anonymous_840)
FNDA:0,a
FNDA:0,(anonymous_842)
FNDA:0,s
FNDA:0,c
FNDA:0,(anonymous_845)
FNDA:0,(anonymous_846)
FNDA:0,(anonymous_847)
FNDA:0,(anonymous_848)
FNDA:0,(anonymous_849)
FNDA:0,(anonymous_850)
FNDA:0,(anonymous_851)
FNDA:0,(anonymous_852)
FNDA:0,(anonymous_853)
FNDA:0,(anonymous_854)
FNDA:0,(anonymous_855)
FNDA:0,(anonymous_856)
FNDA:0,i
FNDA:0,(anonymous_858)
FNDA:0,r
FNDA:0,a
FNDA:0,s
FNDA:0,(anonymous_862)
FNDA:0,(anonymous_863)
FNDA:0,(anonymous_864)
FNDA:0,(anonymous_865)
FNDA:0,(anonymous_866)
FNDA:0,(anonymous_867)
FNDA:0,(anonymous_868)
FNDA:0,(anonymous_869)
FNDA:0,(anonymous_870)
FNDA:0,(anonymous_871)
FNDA:0,(anonymous_872)
FNDA:0,(anonymous_873)
FNDA:0,(anonymous_874)
FNDA:0,(anonymous_875)
FNDA:0,(anonymous_876)
FNDA:0,(anonymous_877)
FNDA:0,(anonymous_878)
FNDA:0,(anonymous_879)
FNDA:0,(anonymous_880)
FNDA:0,(anonymous_881)
FNDA:0,(anonymous_882)
FNDA:0,(anonymous_883)
FNDA:0,(anonymous_884)
FNDA:0,(anonymous_885)
FNDA:0,(anonymous_886)
FNDA:0,(anonymous_887)
FNDA:0,(anonymous_888)
FNDA:0,(anonymous_889)
FNDA:0,(anonymous_890)
FNDA:0,(anonymous_891)
FNDA:0,(anonymous_892)
FNDA:0,(anonymous_893)
FNDA:0,(anonymous_894)
FNDA:0,(anonymous_895)
FNDA:0,(anonymous_896)
FNDA:0,(anonymous_897)
FNDA:0,(anonymous_898)
FNDA:0,(anonymous_899)
FNDA:0,(anonymous_900)
FNDA:0,(anonymous_901)
FNDA:0,(anonymous_902)
FNDA:0,(anonymous_903)
FNDA:0,(anonymous_904)
FNDA:0,(anonymous_905)
FNDA:0,(anonymous_906)
FNDA:0,(anonymous_907)
FNDA:0,(anonymous_908)
FNDA:0,(anonymous_909)
FNDA:0,(anonymous_910)
FNDA:0,(anonymous_911)
FNDA:0,(anonymous_912)
FNDA:0,(anonymous_913)
FNDA:0,(anonymous_914)
FNDA:0,(anonymous_915)
FNDA:0,(anonymous_916)
FNDA:0,(anonymous_917)
FNDA:0,(anonymous_918)
FNDA:0,(anonymous_919)
FNDA:0,(anonymous_920)
FNDA:0,(anonymous_921)
FNDA:0,(anonymous_922)
FNDA:0,(anonymous_923)
FNDA:0,(anonymous_924)
FNDA:0,(anonymous_925)
FNDA:0,(anonymous_926)
FNDA:0,(anonymous_927)
FNDA:0,(anonymous_928)
FNDA:0,(anonymous_929)
FNDA:0,(anonymous_930)
FNDA:0,(anonymous_931)
FNDA:0,(anonymous_932)
FNDA:0,i
FNDA:0,(anonymous_934)
FNDA:0,(anonymous_935)
FNDA:0,(anonymous_936)
FNDA:0,(anonymous_937)
FNDA:0,(anonymous_938)
FNDA:0,(anonymous_939)
FNDA:0,(anonymous_940)
FNDA:0,(anonymous_941)
FNDA:0,(anonymous_942)
FNDA:0,(anonymous_943)
FNDA:0,(anonymous_944)
FNDA:0,(anonymous_945)
FNDA:0,(anonymous_946)
FNDA:0,(anonymous_947)
FNDA:0,(anonymous_948)
FNDA:0,(anonymous_949)
FNDA:0,y
FNDA:0,x
FNDA:0,S
FNDA:0,(anonymous_953)
FNDA:0,(anonymous_954)
FNDA:0,(anonymous_955)
FNDA:0,(anonymous_956)
FNDA:0,(anonymous_957)
FNDA:0,(anonymous_958)
FNDA:0,(anonymous_959)
FNDA:0,(anonymous_960)
FNDA:0,(anonymous_961)
FNDA:0,(anonymous_962)
FNDA:0,(anonymous_963)
FNDA:0,(anonymous_964)
FNDA:0,(anonymous_965)
FNDA:0,(anonymous_966)
FNDA:0,(anonymous_967)
FNDA:0,(anonymous_968)
FNDA:0,(anonymous_969)
FNDA:0,(anonymous_970)
FNDA:0,(anonymous_971)
FNDA:0,(anonymous_972)
FNDA:0,(anonymous_973)
FNDA:0,(anonymous_974)
FNDA:0,(anonymous_975)
FNDA:0,(anonymous_976)
FNDA:0,(anonymous_977)
FNDA:0,(anonymous_978)
FNDA:0,(anonymous_979)
FNDA:0,(anonymous_980)
FNDA:0,(anonymous_981)
FNDA:0,(anonymous_982)
FNDA:0,(anonymous_983)
FNDA:0,(anonymous_984)
FNDA:0,(anonymous_985)
FNDA:0,(anonymous_986)
FNDA:0,(anonymous_987)
FNDA:0,(anonymous_988)
FNDA:0,(anonymous_989)
FNDA:0,(anonymous_990)
FNDA:0,(anonymous_991)
FNDA:0,(anonymous_992)
FNDA:0,(anonymous_993)
FNDA:0,(anonymous_994)
FNDA:0,(anonymous_995)
FNDA:0,(anonymous_996)
FNDA:0,(anonymous_997)
FNDA:0,(anonymous_998)
FNDA:0,(anonymous_999)
FNDA:0,(anonymous_1000)
FNDA:0,(anonymous_1001)
FNDA:0,(anonymous_1002)
FNDA:0,(anonymous_1003)
FNDA:0,(anonymous_1004)
FNDA:0,(anonymous_1005)
FNDA:0,(anonymous_1006)
FNDA:0,(anonymous_1007)
FNDA:0,(anonymous_1008)
FNDA:0,(anonymous_1009)
FNDA:0,(anonymous_1010)
FNDA:0,(anonymous_1011)
FNDA:0,(anonymous_1012)
FNDA:0,(anonymous_1013)
FNDA:0,(anonymous_1014)
FNDA:0,(anonymous_1015)
FNDA:0,(anonymous_1016)
FNDA:0,(anonymous_1017)
FNDA:0,(anonymous_1018)
FNDA:0,(anonymous_1019)
FNDA:0,(anonymous_1020)
FNDA:0,(anonymous_1021)
FNDA:0,(anonymous_1022)
FNDA:0,(anonymous_1023)
FNDA:0,(anonymous_1024)
FNDA:0,t
FNDA:0,(anonymous_1026)
FNDA:0,(anonymous_1027)
FNDA:0,(anonymous_1028)
FNDA:0,(anonymous_1029)
FNDA:0,(anonymous_1030)
FNDA:0,(anonymous_1031)
FNDA:0,(anonymous_1032)
FNDA:0,(anonymous_1033)
FNDA:0,(anonymous_1034)
FNDA:0,(anonymous_1035)
FNDA:0,(anonymous_1036)
FNDA:0,(anonymous_1037)
FNDA:0,(anonymous_1038)
FNDA:0,(anonymous_1039)
FNDA:0,(anonymous_1040)
FNDA:0,(anonymous_1041)
FNDA:0,(anonymous_1042)
FNDA:0,(anonymous_1043)
FNDA:0,(anonymous_1044)
FNDA:0,(anonymous_1045)
FNDA:0,(anonymous_1046)
FNDA:0,(anonymous_1047)
FNDA:0,(anonymous_1048)
FNDA:0,(anonymous_1049)
FNDA:0,(anonymous_1050)
FNDA:0,(anonymous_1051)
FNDA:0,(anonymous_1052)
FNDA:0,(anonymous_1053)
FNDA:0,(anonymous_1054)
FNDA:0,(anonymous_1055)
FNDA:0,(anonymous_1056)
FNDA:0,(anonymous_1057)
FNDA:0,(anonymous_1058)
FNDA:0,(anonymous_1059)
FNDA:0,(anonymous_1060)
FNDA:0,(anonymous_1061)
FNDA:0,(anonymous_1062)
FNDA:0,(anonymous_1063)
FNDA:0,(anonymous_1064)
[...]
SF:/Users/daria/Documents/Vue2/vue-project/dist/js/webpack:/src/App.vue?2667
FNF:0
FNH:0
DA:9,0
DA:20,0
DA:26,0
LF:3
LH:0
BRF:0
BRH:0
end_of_record
TN:
SF:/Users/daria/Documents/Vue2/vue-project/dist/js/webpack:/src/App.vue?88d8
FN:1,(anonymous_16)
FN:1,(anonymous_18)
FNF:2
FNH:0
FNDA:0,(anonymous_16)
FNDA:0,(anonymous_18)
DA:1,0
DA:2,0
LF:2
LH:0
BRDA:1,0,0,0
BRDA:1,0,1,0
BRF:2
BRH:0
end_of_record
TN:
SF:/Users/daria/Documents/Vue2/vue-project/dist/js/webpack:/src/App.vue?c650
FN:1,(anonymous_111)
FNF:1
FNH:0
FNDA:0,(anonymous_111)
DA:1,0
LF:1
LH:0
BRF:0
BRH:0
end_of_record
TN:
SF:/Users/daria/Documents/Vue2/vue-project/dist/js/webpack:/src/main.js
FN:12,(anonymous_110)
FNF:1
FNH:0
FNDA:0,(anonymous_110)
DA:8,0
DA:12,0
LF:2
LH:0
BRF:0
BRH:0
end_of_record
TN:
SF:/Users/daria/Documents/Vue2/vue-project/dist/js/webpack:/src/assets/404two.png
FN:1,(anonymous_14)
FNF:1
FNH:0
FNDA:0,(anonymous_14)
DA:1,0
LF:1
LH:0
BRF:0
BRH:0
end_of_record
TN:
SF:/Users/daria/Documents/Vue2/vue-project/dist/js/webpack:/src/assets/calkul.gif
FN:1,(anonymous_15)
FNF:1
FNH:0
FNDA:0,(anonymous_15)
DA:1,0
LF:1
LH:0
BRF:0
BRH:0
end_of_record
TN:
SF:/Users/daria/Documents/Vue2/vue-project/dist/js/webpack:/src/components/AddPaymentForm.vue
FN:25,(anonymous_99)
FN:36,(anonymous_100)
FN:68,(anonymous_104)
FNF:3
FNH:0
FNDA:0,(anonymous_99)
FNDA:0,(anonymous_100)
FNDA:0,(anonymous_104)
DA:25,0
DA:28,0
DA:45,0
DA:46,0
DA:47,0
DA:48,0
DA:49,0
DA:52,0
DA:53,0
DA:54,0
DA:57,0
DA:58,0
DA:59,0
DA:64,0
DA:70,0
DA:76,0
LF:16
LH:0
BRDA:64,0,0,0
BRDA:64,0,1,0
BRDA:72,1,0,0
BRDA:72,1,1,0
BRDA:73,2,0,0
BRDA:73,2,1,0
BRDA:74,3,0,0
BRDA:74,3,1,0
BRF:8
BRH:0
end_of_record
TN:
SF:/Users/daria/Documents/Vue2/vue-project/dist/js/webpack:/src/components/AddPaymentForm.vue?1cab
FNF:0
FNH:0
DA:9,0
DA:20,0
DA:29,0
LF:3
LH:0
BRF:0
BRH:0
end_of_record
TN:
SF:/Users/daria/Documents/Vue2/vue-project/dist/js/webpack:/src/components/AddPaymentForm.vue?59cd
FN:1,(anonymous_93)
FN:1,(anonymous_94)
FN:1,(anonymous_95)
FN:1,(anonymous_96)
FN:1,(anonymous_97)
FN:1,(anonymous_98)
FNF:6
FNH:0
FNDA:0,(anonymous_93)
FNDA:0,(anonymous_94)
FNDA:0,(anonymous_95)
FNDA:0,(anonymous_96)
FNDA:0,(anonymous_97)
FNDA:0,(anonymous_98)
DA:1,0
DA:2,0
LF:2
LH:0
BRDA:1,0,0,0
BRDA:1,0,1,0
BRF:2
BRH:0
end_of_record
TN:
SF:/Users/daria/Documents/Vue2/vue-project/dist/js/webpack:/src/components/AddPaymentForm.vue?7a09
FNF:0
FNH:0
DA:1,0
LF:1
LH:0
BRF:0
BRH:0
end_of_record
TN:
SF:/Users/daria/Documents/Vue2/vue-project/dist/js/webpack:/src/components/AddPaymentForm.vue?8baa
FN:1,(anonymous_112)
FNF:1
FNH:0
FNDA:0,(anonymous_112)
DA:1,0
LF:1
LH:0
BRF:0
BRH:0
end_of_record
TN:
SF:/Users/daria/Documents/Vue2/vue-project/dist/js/webpack:/src/components/Calculator.vue
FN:33,(anonymous_83)
FN:47,(anonymous_84)
FNF:2
FNH:0
FNDA:0,(anonymous_83)
FNDA:0,(anonymous_84)
DA:36,0
DA:50,0
DA:52,0
DA:54,0
DA:56,0
DA:57,0
DA:59,0
DA:60,0
DA:62,0
DA:63,0
DA:65,0
DA:66,0
DA:68,0
DA:69,0
DA:73,0
DA:76,0
DA:79,0
DA:86,0
DA:89,0
DA:92,0
DA:99,0
DA:100,0
DA:112,0
LF:23
LH:0
BRDA:51,0,0,0
BRDA:51,0,1,0
BRDA:51,0,2,0
BRDA:51,0,3,0
BRDA:51,0,4,0
BRDA:51,0,5,0
BRDA:80,1,0,0
BRDA:80,1,1,0
BRDA:93,2,0,0
BRDA:93,2,1,0
BRDA:100,3,0,0
BRDA:100,3,1,0
BRDA:105,4,0,0
BRDA:105,4,1,0
BRDA:112,5,0,0
BRDA:112,5,1,0
BRDA:117,6,0,0
BRDA:117,6,1,0
BRF:18
BRH:0
end_of_record
TN:
SF:/Users/daria/Documents/Vue2/vue-project/dist/js/webpack:/src/components/Calculator.vue?46c8
FN:1,(anonymous_120)
FNF:1
FNH:0
FNDA:0,(anonymous_120)
DA:1,0
LF:1
LH:0
BRF:0
BRH:0
end_of_record
TN:
SF:/Users/daria/Documents/Vue2/vue-project/dist/js/webpack:/src/components/Calculator.vue?855f
FN:1,(anonymous_70)
FN:1,(anonymous_71)
FN:1,(anonymous_72)
FN:1,(anonymous_73)
FN:1,(anonymous_74)
FN:1,(anonymous_75)
FN:1,(anonymous_76)
FN:1,(anonymous_77)
FN:1,(anonymous_78)
FN:1,(anonymous_79)
FN:1,(anonymous_80)
FN:1,(anonymous_81)
FN:1,(anonymous_82)
FNF:13
FNH:0
FNDA:0,(anonymous_70)
FNDA:0,(anonymous_71)
FNDA:0,(anonymous_72)
FNDA:0,(anonymous_73)
FNDA:0,(anonymous_74)
FNDA:0,(anonymous_75)
FNDA:0,(anonymous_76)
FNDA:0,(anonymous_77)
FNDA:0,(anonymous_78)
FNDA:0,(anonymous_79)
FNDA:0,(anonymous_80)
FNDA:0,(anonymous_81)
FNDA:0,(anonymous_82)
DA:1,0
DA:2,0
LF:2
LH:0
BRDA:1,0,0,0
BRDA:1,0,1,0
BRDA:1,1,0,0
BRDA:1,1,1,0
BRDA:1,2,0,0
BRDA:1,2,1,0
BRDA:1,3,0,0
BRDA:1,3,1,0
BRDA:1,4,0,0
BRDA:1,4,1,0
BRDA:1,5,0,0
BRDA:1,5,1,0
BRDA:1,6,0,0
BRDA:1,6,1,0
BRDA:1,7,0,0
BRDA:1,7,1,0
BRF:16
BRH:0
end_of_record
TN:
SF:/Users/daria/Documents/Vue2/vue-project/dist/js/webpack:/src/components/Calculator.vue?a02e
FNF:0
FNH:0
DA:20,0
DA:26,0
LF:2
LH:0
BRF:0
BRH:0
end_of_record
TN:
SF:/Users/daria/Documents/Vue2/vue-project/dist/js/webpack:/src/components/Calculator.vue?a42a
FNF:0
FNH:0
DA:1,0
LF:1
LH:0
BRF:0
BRH:0
end_of_record
TN:
SF:/Users/daria/Documents/Vue2/vue-project/dist/js/webpack:/src/components/ModalWindow.vue
FN:20,(anonymous_53)
FN:36,(anonymous_55)
FN:53,(anonymous_56)
FNF:3
FNH:0
FNDA:0,(anonymous_53)
FNDA:0,(anonymous_55)
FNDA:0,(anonymous_56)
DA:23,0
DA:31,0
DA:32,0
DA:45,0
DA:46,0
DA:47,0
DA:48,0
DA:49,0
DA:58,0
DA:64,0
DA:68,0
DA:69,0
DA:75,0
LF:13
LH:0
BRDA:58,0,0,0
BRDA:58,0,1,0
BRDA:71,1,0,0
BRDA:71,1,1,0
BRF:4
BRH:0
end_of_record
TN:
SF:/Users/daria/Documents/Vue2/vue-project/dist/js/webpack:/src/components/ModalWindow.vue?6525
FNF:0
FNH:0
DA:1,0
LF:1
LH:0
BRF:0
BRH:0
end_of_record
TN:
SF:/Users/daria/Documents/Vue2/vue-project/dist/js/webpack:/src/components/ModalWindow.vue?6b03
FN:1,(anonymous_46)
FN:1,(anonymous_47)
FN:1,(anonymous_48)
FN:1,(anonymous_49)
FN:1,(anonymous_50)
FN:1,(anonymous_51)
FN:1,(anonymous_52)
FNF:7
FNH:0
FNDA:0,(anonymous_46)
FNDA:0,(anonymous_47)
FNDA:0,(anonymous_48)
FNDA:0,(anonymous_49)
FNDA:0,(anonymous_50)
FNDA:0,(anonymous_51)
FNDA:0,(anonymous_52)
DA:1,0
DA:2,0
LF:2
LH:0
BRDA:1,0,0,0
BRDA:1,0,1,0
BRDA:1,1,0,0
BRDA:1,1,1,0
BRDA:1,2,0,0
BRDA:1,2,1,0
BRDA:1,3,0,0
BRDA:1,3,1,0
BRDA:1,4,0,0
BRDA:1,4,1,0
BRF:10
BRH:0
end_of_record
TN:
SF:/Users/daria/Documents/Vue2/vue-project/dist/js/webpack:/src/components/ModalWindow.vue?9b0e
FN:1,(anonymous_121)
FNF:1
FNH:0
FNDA:0,(anonymous_121)
DA:1,0
LF:1
LH:0
BRF:0
BRH:0
end_of_record
TN:
SF:/Users/daria/Documents/Vue2/vue-project/dist/js/webpack:/src/components/ModalWindow.vue?ebe7
FNF:0
FNH:0
DA:9,0
DA:20,0
DA:25,0
LF:3
LH:0
BRF:0
BRH:0
end_of_record
TN:
SF:/Users/daria/Documents/Vue2/vue-project/dist/js/webpack:/src/components/Pagination.vue
FN:15,(anonymous_67)
FN:22,(anonymous_68)
FN:29,(anonymous_69)
FNF:3
FNH:0
FNDA:0,(anonymous_67)
FNDA:0,(anonymous_68)
FNDA:0,(anonymous_69)
DA:15,0
DA:18,0
DA:24,0
DA:31,0
LF:4
LH:0
BRF:0
BRH:0
end_of_record
TN:
SF:/Users/daria/Documents/Vue2/vue-project/dist/js/webpack:/src/components/Pagination.vue?3337
FN:1,(anonymous_64)
FN:1,(anonymous_65)
FN:1,(anonymous_66)
FNF:3
FNH:0
FNDA:0,(anonymous_64)
FNDA:0,(anonymous_65)
FNDA:0,(anonymous_66)
DA:1,0
DA:2,0
LF:2
LH:0
BRDA:1,0,0,0
BRDA:1,0,1,0
BRF:2
BRH:0
end_of_record
TN:
SF:/Users/daria/Documents/Vue2/vue-project/dist/js/webpack:/src/components/Pagination.vue?aaa0
FNF:0
FNH:0
DA:9,0
DA:20,0
DA:26,0
LF:3
LH:0
BRF:0
BRH:0
end_of_record
TN:
SF:/Users/daria/Documents/Vue2/vue-project/dist/js/webpack:/src/components/Pagination.vue?b5ee
FNF:0
FNH:0
DA:1,0
LF:1
LH:0
BRF:0
BRH:0
end_of_record
TN:
SF:/Users/daria/Documents/Vue2/vue-project/dist/js/webpack:/src/components/Pagination.vue?e338
FN:1,(anonymous_122)
FNF:1
FNH:0
FNDA:0,(anonymous_122)
DA:1,0
LF:1
LH:0
BRF:0
BRH:0
end_of_record
TN:
SF:/Users/daria/Documents/Vue2/vue-project/dist/js/webpack:/src/components/PaymentsDisplay.vue
FN:31,(anonymous_59)
FN:28,(anonymous_60)
FN:43,(anonymous_61)
FNF:3
FNH:0
FNDA:0,(anonymous_59)
FNDA:0,(anonymous_60)
FNDA:0,(anonymous_61)
DA:28,0
DA:33,0
DA:37,0
DA:45,0
DA:49,0
DA:53,0
LF:6
LH:0
BRF:0
BRH:0
end_of_record
TN:
SF:/Users/daria/Documents/Vue2/vue-project/dist/js/webpack:/src/components/PaymentsDisplay.vue?29c1
FN:1,(anonymous_118)
FNF:1
FNH:0
FNDA:0,(anonymous_118)
DA:1,0
LF:1
LH:0
BRF:0
BRH:0
end_of_record
TN:
SF:/Users/daria/Documents/Vue2/vue-project/dist/js/webpack:/src/components/PaymentsDisplay.vue?99c8
FNF:0
FNH:0
DA:1,0
LF:1
LH:0
BRF:0
BRH:0
end_of_record
TN:
SF:/Users/daria/Documents/Vue2/vue-project/dist/js/webpack:/src/components/PaymentsDisplay.vue?b150
FNF:0
FNH:0
DA:9,0
DA:20,0
DA:28,0
LF:3
LH:0
BRF:0
BRH:0
end_of_record
TN:
SF:/Users/daria/Documents/Vue2/vue-project/dist/js/webpack:/src/components/PaymentsDisplay.vue?ea7c
FN:1,(anonymous_43)
FN:1,(anonymous_44)
FN:1,(anonymous_45)
FNF:3
FNH:0
FNDA:0,(anonymous_43)
FNDA:0,(anonymous_44)
FNDA:0,(anonymous_45)
DA:1,0
DA:2,0
LF:2
LH:0
BRDA:1,0,0,0
BRDA:1,0,1,0
BRDA:1,1,0,0
BRDA:1,1,1,0
BRF:4
BRH:0
end_of_record
TN:
SF:/Users/daria/Documents/Vue2/vue-project/dist/js/webpack:/src/pages/MainPage.vue
FN:23,(anonymous_106)
FNF:1
FNH:0
FNDA:0,(anonymous_106)
DA:23,0
DA:26,0
LF:2
LH:0
BRDA:26,0,0,0
BRDA:26,0,1,0
BRDA:29,1,0,0
BRDA:29,1,1,0
BRDA:32,2,0,0
BRDA:32,2,1,0
BRF:6
BRH:0
end_of_record
TN:
SF:/Users/daria/Documents/Vue2/vue-project/dist/js/webpack:/src/pages/MainPage.vue?43cd
FN:1,(anonymous_117)
FNF:1
FNH:0
FNDA:0,(anonymous_117)
DA:1,0
LF:1
LH:0
BRF:0
BRH:0
end_of_record
TN:
SF:/Users/daria/Documents/Vue2/vue-project/dist/js/webpack:/src/pages/MainPage.vue?9b5e
FN:1,(anonymous_105)
FNF:1
FNH:0
FNDA:0,(anonymous_105)
DA:1,0
DA:2,0
LF:2
LH:0
BRDA:1,0,0,0
BRDA:1,0,1,0
BRF:2
BRH:0
end_of_record
TN:
SF:/Users/daria/Documents/Vue2/vue-project/dist/js/webpack:/src/pages/MainPage.vue?b9d9
FNF:0
FNH:0
DA:9,0
DA:20,0
LF:2
LH:0
BRF:0
BRH:0
end_of_record
TN:
SF:/Users/daria/Documents/Vue2/vue-project/dist/js/webpack:/src/pages/MainPage.vue?caaa
FNF:0
FNH:0
DA:1,0
LF:1
LH:0
BRF:0
BRH:0
end_of_record
TN:
SF:/Users/daria/Documents/Vue2/vue-project/dist/js/webpack:/src/pages/Page404.vue
FNF:0
FNH:0
DA:15,0
LF:1
LH:0
BRF:0
BRH:0
end_of_record
TN:
SF:/Users/daria/Documents/Vue2/vue-project/dist/js/webpack:/src/pages/Page404.vue?2f17
FN:1,(anonymous_12)
FNF:1
FNH:0
FNDA:0,(anonymous_12)
DA:1,0
LF:1
LH:0
BRF:0
BRH:0
end_of_record
TN:
SF:/Users/daria/Documents/Vue2/vue-project/dist/js/webpack:/src/pages/Page404.vue?3bef
FNF:0
FNH:0
DA:9,0
DA:20,0
DA:25,0
LF:3
LH:0
BRF:0
BRH:0
end_of_record
TN:
SF:/Users/daria/Documents/Vue2/vue-project/dist/js/webpack:/src/pages/Page404.vue?595f
FNF:0
FNH:0
DA:1,0
LF:1
LH:0
BRF:0
BRH:0
end_of_record
TN:
SF:/Users/daria/Documents/Vue2/vue-project/dist/js/webpack:/src/pages/Page404.vue?b854
FN:1,(anonymous_40)
FN:1,(anonymous_41)
FNF:2
FNH:0
FNDA:0,(anonymous_40)
FNDA:0,(anonymous_41)
DA:1,0
DA:2,0
LF:2
LH:0
BRDA:1,0,0,0
BRDA:1,0,1,0
BRF:2
BRH:0
end_of_record
TN:
SF:/Users/daria/Documents/Vue2/vue-project/dist/js/webpack:/src/pages/StartPage.vue
FNF:0
FNH:0
DA:8,0
DA:12,0
LF:2
LH:0
BRF:0
BRH:0
end_of_record
TN:
SF:/Users/daria/Documents/Vue2/vue-project/dist/js/webpack:/src/pages/StartPage.vue?3659
FNF:0
FNH:0
DA:1,0
LF:1
LH:0
BRF:0
BRH:0
end_of_record
TN:
SF:/Users/daria/Documents/Vue2/vue-project/dist/js/webpack:/src/pages/StartPage.vue?fbc0
FN:1,(anonymous_42)
FNF:1
FNH:0
FNDA:0,(anonymous_42)
DA:1,0
DA:2,0
LF:2
LH:0
BRDA:1,0,0,0
BRDA:1,0,1,0
BRF:2
BRH:0
end_of_record
TN:
SF:/Users/daria/Documents/Vue2/vue-project/dist/js/webpack:/src/plugins/modal.js
FN:3,(anonymous_107)
FN:11,(anonymous_108)
FNF:2
FNH:0
FNDA:0,(anonymous_107)
FNDA:0,(anonymous_108)
DA:3,0
DA:5,0
DA:14,0
DA:18,0
LF:4
LH:0
BRDA:5,0,0,0
BRDA:5,0,1,0
BRF:2
BRH:0
end_of_record
TN:
SF:/Users/daria/Documents/Vue2/vue-project/dist/js/webpack:/src/plugins/vuetify.js
FNF:0
FNH:0
DA:4,0
DA:6,0
LF:2
LH:0
BRF:0
BRH:0
end_of_record
TN:
SF:/Users/daria/Documents/Vue2/vue-project/dist/js/webpack:/src/router/index.js
FNF:0
FNH:0
DA:13,0
LF:1
LH:0
BRF:0
BRH:0
end_of_record
TN:
SF:/Users/daria/Documents/Vue2/vue-project/dist/js/webpack:/src/store/index.js
FNF:0
FNH:0
DA:5,0
DA:7,0
LF:2
LH:0
BRF:0
BRH:0
end_of_record
TN:
SF:/Users/daria/Documents/Vue2/vue-project/dist/js/webpack:/src/store/payments.js
FN:11,(anonymous_20)
FN:36,(anonymous_26)
FN:38,(anonymous_27)
FN:39,(anonymous_28)
FN:55,(anonymous_29)
FN:63,(anonymous_31)
FN:64,(anonymous_32)
FN:68,(anonymous_33)
FN:73,(anonymous_35)
FN:86,(anonymous_37)
FNF:10
FNH:0
FNDA:0,(anonymous_20)
FNDA:0,(anonymous_26)
FNDA:0,(anonymous_27)
FNDA:0,(anonymous_28)
FNDA:0,(anonymous_29)
FNDA:0,(anonymous_31)
FNDA:0,(anonymous_32)
FNDA:0,(anonymous_33)
FNDA:0,(anonymous_35)
FNDA:0,(anonymous_37)
DA:3,0
DA:11,0
DA:13,0
DA:16,0
DA:19,0
DA:22,0
DA:28,0
DA:29,0
DA:30,0
DA:33,0
DA:36,0
DA:37,0
DA:38,0
DA:39,0
DA:40,0
DA:56,0
DA:62,0
DA:63,0
DA:64,0
DA:65,0
DA:69,0
DA:72,0
DA:73,0
DA:74,0
DA:78,0
DA:79,0
DA:80,0
DA:86,0
DA:88,0
DA:91,0
DA:94,0
DA:97,0
LF:32
LH:0
BRDA:22,0,0,0
BRDA:22,0,1,0
BRF:2
BRH:0
end_of_record
TN:
SF:/Users/daria/Documents/Vue2/vue-project/dist/js/webpack:/webpack/bootstrap
FN:2,(anonymous_0)
FN:2,e
FN:34,a
FN:65,i
FN:96,(anonymous_4)
FN:103,(anonymous_5)
FN:115,(anonymous_6)
FN:122,(anonymous_7)
FN:127,(anonymous_8)
FN:129,(anonymous_9)
FN:130,(anonymous_10)
FN:136,(anonymous_11)
FNF:12
FNH:0
FNDA:0,(anonymous_0)
FNDA:0,e
FNDA:0,a
FNDA:0,i
FNDA:0,(anonymous_4)
FNDA:0,(anonymous_5)
FNDA:0,(anonymous_6)
FNDA:0,(anonymous_7)
FNDA:0,(anonymous_8)
FNDA:0,(anonymous_9)
FNDA:0,(anonymous_10)
FNDA:0,(anonymous_11)
DA:3,0
DA:4,0
DA:5,0
DA:9,0
DA:10,0
DA:11,0
DA:17,0
DA:18,0
DA:22,0
DA:24,0
DA:25,0
DA:32,0
DA:36,0
DA:37,0
DA:38,0
DA:39,0
DA:40,0
DA:41,0
DA:43,0
DA:49,0
DA:53,0
DA:58,0
DA:62,0
DA:68,0
DA:69,0
DA:72,0
DA:85,0
DA:90,0
DA:97,0
DA:104,0
DA:117,0
DA:118,0
DA:119,0
DA:122,0
DA:123,0
DA:128,0
DA:129,0
DA:130,0
DA:132,0
DA:136,0
DA:141,0
DA:142,0
DA:143,0
DA:145,0
DA:146,0
DA:150,0
LF:46
LH:0
BRDA:12,0,0,0
BRDA:12,0,1,0
BRDA:12,0,2,0
BRDA:18,1,0,0
BRDA:18,1,1,0
BRDA:22,2,0,0
BRDA:22,2,1,0
BRDA:29,3,0,0
BRDA:29,3,1,0
BRDA:41,4,0,0
BRDA:41,4,1,0
BRDA:43,5,0,0
BRDA:43,5,1,0
BRDA:68,6,0,0
BRDA:68,6,1,0
BRDA:97,7,0,0
BRDA:97,7,1,0
BRDA:104,8,0,0
BRDA:104,8,1,0
BRDA:104,8,2,0
BRDA:117,9,0,0
BRDA:117,9,1,0
BRDA:116,10,0,0
BRDA:116,10,1,0
BRDA:118,11,0,0
BRDA:118,11,1,0
BRDA:118,12,0,0
BRDA:118,12,1,0
BRDA:118,12,2,0
BRDA:118,12,3,0
BRDA:122,13,0,0
BRDA:122,13,1,0
BRDA:122,14,0,0
BRDA:122,14,1,0
BRDA:129,15,0,0
BRDA:129,15,1,0
BRDA:128,16,0,0
BRDA:128,16,1,0
BRDA:141,17,0,0
BRDA:141,17,1,0
BRF:40
BRH:0
end_of_record
TN:
SF:/Users/daria/Documents/Vue2/vue-project/src/App.vue
FN:23,(anonymous_1)
FNF:1
FNH:0
FNDA:0,(anonymous_1)
DA:9,0
DA:24,0
LF:2
LH:0
BRF:0
BRH:0
end_of_record
TN:
SF:/Users/daria/Documents/Vue2/vue-project/src/main.js
FN:12,(anonymous_0)
FNF:1
FNH:0
FNDA:0,(anonymous_0)
DA:8,0
DA:10,0
DA:11,0
DA:12,0
LF:4
LH:0
BRF:0
BRH:0
end_of_record
TN:
SF:/Users/daria/Documents/Vue2/vue-project/src/components/AddPaymentForm.vue
FN:27,(anonymous_1)
FN:44,(anonymous_2)
FN:51,(anonymous_3)
FN:56,(anonymous_4)
FN:63,(anonymous_5)
FN:69,(anonymous_6)
FNF:6
FNH:0
FNDA:0,(anonymous_1)
FNDA:0,(anonymous_2)
FNDA:0,(anonymous_3)
FNDA:0,(anonymous_4)
FNDA:0,(anonymous_5)
FNDA:0,(anonymous_6)
DA:22,0
DA:28,0
DA:45,0
DA:46,0
DA:47,0
DA:48,0
DA:49,0
DA:52,0
DA:53,0
DA:54,0
DA:57,0
DA:58,0
DA:59,0
DA:64,0
DA:65,0
DA:70,0
DA:76,0
LF:17
LH:0
BRDA:64,0,0,0
BRDA:64,0,1,0
BRDA:72,1,0,0
BRDA:72,1,1,0
BRDA:73,2,0,0
BRDA:73,2,1,0
BRDA:74,3,0,0
BRDA:74,3,1,0
BRF:8
BRH:0
end_of_record
TN:
SF:/Users/daria/Documents/Vue2/vue-project/src/components/Calculator.vue
FN:35,(anonymous_1)
FN:48,(anonymous_2)
FN:72,(anonymous_3)
FN:75,(anonymous_4)
FN:78,(anonymous_5)
FN:85,(anonymous_6)
FN:88,(anonymous_7)
FN:91,(anonymous_8)
FN:98,(anonymous_9)
FN:111,(anonymous_10)
FNF:10
FNH:1
FNDA:11,(anonymous_1)
FNDA:0,(anonymous_2)
FNDA:0,(anonymous_3)
FNDA:0,(anonymous_4)
FNDA:0,(anonymous_5)
FNDA:0,(anonymous_6)
FNDA:0,(anonymous_7)
FNDA:0,(anonymous_8)
FNDA:0,(anonymous_9)
FNDA:0,(anonymous_10)
DA:36,11
DA:49,0
DA:50,0
DA:52,0
DA:54,0
DA:56,0
DA:57,0
DA:59,0
DA:60,0
DA:62,0
DA:63,0
DA:65,0
DA:66,0
DA:68,0
DA:69,0
DA:73,0
DA:76,0
DA:79,0
DA:80,0
DA:82,0
DA:86,0
DA:89,0
DA:92,0
DA:93,0
DA:95,0
DA:99,0
DA:100,0
DA:101,0
DA:102,0
DA:103,0
DA:105,0
DA:106,0
DA:107,0
DA:108,0
DA:112,0
DA:113,0
DA:114,0
DA:115,0
DA:117,0
DA:118,0
DA:119,0
DA:120,0
LF:42
LH:1
BRDA:51,0,0,0
BRDA:51,0,1,0
BRDA:51,0,2,0
BRDA:51,0,3,0
BRDA:51,0,4,0
BRDA:51,0,5,0
BRDA:79,1,0,0
BRDA:79,1,1,0
BRDA:92,2,0,0
BRDA:92,2,1,0
BRDA:100,3,0,0
BRDA:100,3,1,0
BRDA:105,4,0,0
BRDA:105,4,1,0
BRDA:112,5,0,0
BRDA:112,5,1,0
BRDA:117,6,0,0
BRDA:117,6,1,0
BRF:18
BRH:0
end_of_record
TN:
SF:/Users/daria/Documents/Vue2/vue-project/src/components/ModalWindow.vue
FN:22,(anonymous_1)
FN:30,(anonymous_2)
FN:44,(anonymous_3)
FN:57,(anonymous_4)
FN:63,(anonymous_5)
FN:67,(anonymous_6)
FNF:6
FNH:0
FNDA:0,(anonymous_1)
FNDA:0,(anonymous_2)
FNDA:0,(anonymous_3)
FNDA:0,(anonymous_4)
FNDA:0,(anonymous_5)
FNDA:0,(anonymous_6)
DA:19,0
DA:23,0
DA:31,0
DA:32,0
DA:33,0
DA:34,0
DA:45,0
DA:46,0
DA:47,0
DA:48,0
DA:49,0
DA:58,0
DA:59,0
DA:60,0
DA:64,0
DA:65,0
DA:68,0
DA:69,0
DA:75,0
DA:76,0
LF:20
LH:0
BRDA:58,0,0,0
BRDA:58,0,1,0
BRDA:71,1,0,0
BRDA:71,1,1,0
BRF:4
BRH:0
end_of_record
TN:
SF:/Users/daria/Documents/Vue2/vue-project/src/components/Pagination.vue
FN:17,(anonymous_1)
FN:23,(anonymous_2)
FN:30,(anonymous_3)
FNF:3
FNH:0
FNDA:0,(anonymous_1)
FNDA:0,(anonymous_2)
FNDA:0,(anonymous_3)
DA:18,0
DA:24,0
DA:31,0
LF:3
LH:0
BRF:0
BRH:0
end_of_record
TN:
SF:/Users/daria/Documents/Vue2/vue-project/src/components/PaymentsDisplay.vue
FN:32,(anonymous_1)
FN:36,(anonymous_2)
FN:44,(anonymous_3)
FN:48,(anonymous_4)
FN:52,(anonymous_5)
FNF:5
FNH:0
FNDA:0,(anonymous_1)
FNDA:0,(anonymous_2)
FNDA:0,(anonymous_3)
FNDA:0,(anonymous_4)
FNDA:0,(anonymous_5)
DA:27,0
DA:33,0
DA:37,0
DA:45,0
DA:49,0
DA:53,0
DA:54,0
LF:7
LH:0
BRF:0
BRH:0
end_of_record
TN:
SF:/Users/daria/Documents/Vue2/vue-project/src/pages/MainPage.vue
FN:25,(anonymous_1)
FNF:1
FNH:0
FNDA:0,(anonymous_1)
DA:26,0
DA:27,0
DA:29,0
DA:30,0
DA:32,0
DA:33,0
LF:6
LH:0
BRDA:26,0,0,0
BRDA:26,0,1,0
BRDA:29,1,0,0
BRDA:29,1,1,0
BRDA:32,2,0,0
BRDA:32,2,1,0
BRF:6
BRH:0
end_of_record
TN:
SF:/Users/daria/Documents/Vue2/vue-project/src/pages/StartPage.vue
FNF:0
FNH:0
DA:9,0
DA:10,0
LF:2
LH:0
BRF:0
BRH:0
end_of_record
TN:
SF:/Users/daria/Documents/Vue2/vue-project/src/plugins/modal.js
FN:4,(anonymous_0)
FN:13,(anonymous_1)
FN:17,(anonymous_2)
FNF:3
FNH:0
FNDA:0,(anonymous_0)
FNDA:0,(anonymous_1)
FNDA:0,(anonymous_2)
DA:5,0
DA:6,0
DA:9,0
DA:11,0
DA:14,0
DA:18,0
LF:6
LH:0
BRDA:5,0,0,0
BRDA:5,0,1,0
BRF:2
BRH:0
end_of_record
TN:
SF:/Users/daria/Documents/Vue2/vue-project/src/plugins/vuetify.js
FNF:0
FNH:0
DA:4,0
LF:1
LH:0
BRF:0
BRH:0
end_of_record
TN:
SF:/Users/daria/Documents/Vue2/vue-project/src/router/index.js
FNF:0
FNH:0
DA:11,0
LF:1
LH:0
BRF:0
BRH:0
end_of_record
TN:
SF:/Users/daria/Documents/Vue2/vue-project/src/store/index.js
FNF:0
FNH:0
DA:5,0
LF:1
LH:0
BRF:0
BRH:0
end_of_record
TN:
SF:/Users/daria/Documents/Vue2/vue-project/src/store/payments.js
FN:12,(anonymous_0)
FN:15,(anonymous_1)
FN:18,(anonymous_2)
FN:21,(anonymous_3)
FN:27,(anonymous_4)
FN:32,(anonymous_5)
FN:37,(anonymous_6)
FN:38,(anonymous_7)
FN:39,(anonymous_8)
FN:55,(anonymous_9)
FN:62,(anonymous_10)
FN:63,(anonymous_11)
FN:64,(anonymous_12)
FN:68,(anonymous_13)
FN:72,(anonymous_14)
FN:73,(anonymous_15)
FN:78,(anonymous_16)
FN:87,(anonymous_17)
FN:90,(anonymous_18)
FN:93,(anonymous_19)
FNF:20
FNH:0
FNDA:0,(anonymous_0)
FNDA:0,(anonymous_1)
FNDA:0,(anonymous_2)
FNDA:0,(anonymous_3)
FNDA:0,(anonymous_4)
FNDA:0,(anonymous_5)
FNDA:0,(anonymous_6)
FNDA:0,(anonymous_7)
FNDA:0,(anonymous_8)
FNDA:0,(anonymous_9)
FNDA:0,(anonymous_10)
FNDA:0,(anonymous_11)
FNDA:0,(anonymous_12)
FNDA:0,(anonymous_13)
FNDA:0,(anonymous_14)
FNDA:0,(anonymous_15)
FNDA:0,(anonymous_16)
FNDA:0,(anonymous_17)
FNDA:0,(anonymous_18)
FNDA:0,(anonymous_19)
DA:3,0
DA:11,0
DA:13,0
DA:16,0
DA:19,0
DA:22,0
DA:23,0
DA:25,0
DA:28,0
DA:29,0
DA:30,0
DA:33,0
DA:36,0
DA:38,0
DA:39,0
DA:40,0
DA:56,0
DA:57,0
DA:63,0
DA:64,0
DA:65,0
DA:69,0
DA:73,0
DA:74,0
DA:75,0
DA:79,0
DA:80,0
DA:81,0
DA:82,0
DA:86,0
DA:88,0
DA:91,0
DA:94,0
LF:33
LH:0
BRDA:22,0,0,0
BRDA:22,0,1,0
BRF:2
BRH:0
end_of_record
TN:
SF:/Users/daria/Documents/Vue2/vue-project/src/views/Home.vue
FNF:0
FNH:0
DA:6,0
LF:1
LH:0
BRF:0
BRH:0
end_of_record
